{"/home/travis/build/npmtest/node-npmtest-hard-source-webpack-plugin/test.js":{"path":"/home/travis/build/npmtest/node-npmtest-hard-source-webpack-plugin/test.js","s":{"1":2,"2":2,"3":2,"4":2,"5":2,"6":2,"7":2,"8":1,"9":2,"10":2,"11":1,"12":1,"13":1,"14":1,"15":2,"16":2,"17":2,"18":2,"19":1,"20":1,"21":2,"22":2,"23":2,"24":1,"25":1,"26":1,"27":1,"28":1,"29":1,"30":1,"31":1,"32":1,"33":1,"34":1,"35":1,"36":1,"37":1,"38":1,"39":2,"40":2,"41":1,"42":2,"43":2,"44":1,"45":2,"46":2,"47":1,"48":2,"49":2,"50":1,"51":1,"52":1,"53":1,"54":1},"b":{"1":[2,1,1,1],"2":[1,1,1,1],"3":[1,1],"4":[1,1],"5":[1,1],"6":[1,1],"7":[1,1],"8":[1,1],"9":[1,1],"10":[1,1,1],"11":[1,1],"12":[1,1],"13":[1,1],"14":[1,1],"15":[1,1],"16":[1,1],"17":[1,1]},"f":{"1":2,"2":2,"3":2,"4":2,"5":2,"6":1,"7":1,"8":1,"9":2,"10":2,"11":2,"12":2,"13":1},"fnMap":{"1":{"name":"(anonymous_1)","line":12,"loc":{"start":{"line":12,"column":1},"end":{"line":12,"column":13}}},"2":{"name":"(anonymous_2)","line":19,"loc":{"start":{"line":19,"column":5},"end":{"line":19,"column":17}}},"3":{"name":"(anonymous_3)","line":23,"loc":{"start":{"line":23,"column":24},"end":{"line":23,"column":36}}},"4":{"name":"(anonymous_4)","line":61,"loc":{"start":{"line":61,"column":5},"end":{"line":61,"column":17}}},"5":{"name":"(anonymous_5)","line":82,"loc":{"start":{"line":82,"column":5},"end":{"line":82,"column":17}}},"6":{"name":"(anonymous_6)","line":91,"loc":{"start":{"line":91,"column":77},"end":{"line":94,"column":10}}},"7":{"name":"(anonymous_7)","line":112,"loc":{"start":{"line":112,"column":83},"end":{"line":115,"column":10}},"skip":true},"8":{"name":"(anonymous_8)","line":123,"loc":{"start":{"line":123,"column":77},"end":{"line":126,"column":10}},"skip":true},"9":{"name":"(anonymous_9)","line":139,"loc":{"start":{"line":139,"column":12},"end":{"line":139,"column":40}},"skip":true},"10":{"name":"(anonymous_10)","line":147,"loc":{"start":{"line":147,"column":77},"end":{"line":150,"column":10}},"skip":true},"11":{"name":"(anonymous_11)","line":158,"loc":{"start":{"line":158,"column":83},"end":{"line":161,"column":10}},"skip":true},"12":{"name":"(anonymous_12)","line":169,"loc":{"start":{"line":169,"column":79},"end":{"line":172,"column":10}},"skip":true},"13":{"name":"(anonymous_13)","line":180,"loc":{"start":{"line":180,"column":75},"end":{"line":183,"column":10}},"skip":true}},"statementMap":{"1":{"start":{"line":12,"column":0},"end":{"line":195,"column":5}},"2":{"start":{"line":14,"column":4},"end":{"line":14,"column":14}},"3":{"start":{"line":19,"column":4},"end":{"line":56,"column":9}},"4":{"start":{"line":21,"column":8},"end":{"line":21,"column":19}},"5":{"start":{"line":23,"column":8},"end":{"line":35,"column":13}},"6":{"start":{"line":24,"column":12},"end":{"line":34,"column":13}},"7":{"start":{"line":25,"column":16},"end":{"line":28,"column":30}},"8":{"start":{"line":30,"column":16},"end":{"line":33,"column":27}},"9":{"start":{"line":37,"column":8},"end":{"line":39,"column":21}},"10":{"start":{"line":40,"column":8},"end":{"line":53,"column":9}},"11":{"start":{"line":43,"column":12},"end":{"line":46,"column":14}},"12":{"start":{"line":47,"column":12},"end":{"line":47,"column":18}},"13":{"start":{"line":50,"column":12},"end":{"line":51,"column":46}},"14":{"start":{"line":52,"column":12},"end":{"line":52,"column":18}},"15":{"start":{"line":55,"column":8},"end":{"line":55,"column":35}},"16":{"start":{"line":61,"column":4},"end":{"line":63,"column":9}},"17":{"start":{"line":62,"column":8},"end":{"line":62,"column":15}},"18":{"start":{"line":64,"column":4},"end":{"line":77,"column":5}},"19":{"start":{"line":70,"column":8},"end":{"line":70,"column":14}},"20":{"start":{"line":76,"column":8},"end":{"line":76,"column":14}},"21":{"start":{"line":82,"column":4},"end":{"line":84,"column":9}},"22":{"start":{"line":83,"column":8},"end":{"line":83,"column":15}},"23":{"start":{"line":85,"column":4},"end":{"line":194,"column":5}},"24":{"start":{"line":91,"column":8},"end":{"line":99,"column":10}},"25":{"start":{"line":98,"column":12},"end":{"line":98,"column":35}},"26":{"start":{"line":102,"column":8},"end":{"line":104,"column":63}},"27":{"start":{"line":105,"column":8},"end":{"line":105,"column":14}},"28":{"start":{"line":112,"column":8},"end":{"line":121,"column":10},"skip":true},"29":{"start":{"line":119,"column":12},"end":{"line":119,"column":55},"skip":true},"30":{"start":{"line":120,"column":12},"end":{"line":120,"column":48},"skip":true},"31":{"start":{"line":123,"column":8},"end":{"line":136,"column":10},"skip":true},"32":{"start":{"line":130,"column":12},"end":{"line":130,"column":76},"skip":true},"33":{"start":{"line":131,"column":12},"end":{"line":131,"column":73},"skip":true},"34":{"start":{"line":132,"column":12},"end":{"line":132,"column":74},"skip":true},"35":{"start":{"line":133,"column":12},"end":{"line":133,"column":79},"skip":true},"36":{"start":{"line":134,"column":12},"end":{"line":134,"column":25},"skip":true},"37":{"start":{"line":135,"column":12},"end":{"line":135,"column":45},"skip":true},"38":{"start":{"line":138,"column":8},"end":{"line":145,"column":14},"skip":true},"39":{"start":{"line":143,"column":16},"end":{"line":143,"column":29},"skip":true},"40":{"start":{"line":144,"column":16},"end":{"line":144,"column":55},"skip":true},"41":{"start":{"line":147,"column":8},"end":{"line":156,"column":10},"skip":true},"42":{"start":{"line":154,"column":12},"end":{"line":154,"column":25},"skip":true},"43":{"start":{"line":155,"column":12},"end":{"line":155,"column":45},"skip":true},"44":{"start":{"line":158,"column":8},"end":{"line":167,"column":10},"skip":true},"45":{"start":{"line":165,"column":12},"end":{"line":165,"column":25},"skip":true},"46":{"start":{"line":166,"column":12},"end":{"line":166,"column":48},"skip":true},"47":{"start":{"line":169,"column":8},"end":{"line":178,"column":10},"skip":true},"48":{"start":{"line":176,"column":12},"end":{"line":176,"column":25},"skip":true},"49":{"start":{"line":177,"column":12},"end":{"line":177,"column":46},"skip":true},"50":{"start":{"line":180,"column":8},"end":{"line":189,"column":10},"skip":true},"51":{"start":{"line":187,"column":12},"end":{"line":187,"column":94},"skip":true},"52":{"start":{"line":188,"column":12},"end":{"line":188,"column":48},"skip":true},"53":{"start":{"line":192,"column":8},"end":{"line":192,"column":35},"skip":true},"54":{"start":{"line":193,"column":8},"end":{"line":193,"column":14},"skip":true}},"branchMap":{"1":{"line":25,"type":"binary-expr","locations":[{"start":{"line":25,"column":23},"end":{"line":25,"column":62}},{"start":{"line":26,"column":20},"end":{"line":26,"column":70}},{"start":{"line":27,"column":20},"end":{"line":27,"column":71}},{"start":{"line":28,"column":20},"end":{"line":28,"column":29}}]},"2":{"line":30,"type":"binary-expr","locations":[{"start":{"line":30,"column":23},"end":{"line":30,"column":37}},{"start":{"line":31,"column":20},"end":{"line":31,"column":61}},{"start":{"line":32,"column":20},"end":{"line":32,"column":70}},{"start":{"line":33,"column":20},"end":{"line":33,"column":26}}]},"3":{"line":37,"type":"cond-expr","locations":[{"start":{"line":38,"column":14},"end":{"line":38,"column":20}},{"start":{"line":39,"column":14},"end":{"line":39,"column":20}}]},"4":{"line":40,"type":"switch","locations":[{"start":{"line":42,"column":8},"end":{"line":47,"column":18}},{"start":{"line":49,"column":8},"end":{"line":52,"column":18}}]},"5":{"line":44,"type":"binary-expr","locations":[{"start":{"line":44,"column":16},"end":{"line":44,"column":44}},{"start":{"line":44,"column":48},"end":{"line":44,"column":66}}]},"6":{"line":50,"type":"binary-expr","locations":[{"start":{"line":50,"column":21},"end":{"line":50,"column":49}},{"start":{"line":50,"column":53},"end":{"line":50,"column":72}}]},"7":{"line":64,"type":"switch","locations":[{"start":{"line":69,"column":4},"end":{"line":70,"column":14}},{"start":{"line":75,"column":4},"end":{"line":76,"column":14}}]},"8":{"line":85,"type":"switch","locations":[{"start":{"line":90,"column":4},"end":{"line":105,"column":14}},{"start":{"line":111,"column":4},"end":{"line":193,"column":14},"skip":true}]},"9":{"line":91,"type":"binary-expr","locations":[{"start":{"line":91,"column":42},"end":{"line":91,"column":73}},{"start":{"line":91,"column":77},"end":{"line":99,"column":9}}]},"10":{"line":102,"type":"binary-expr","locations":[{"start":{"line":102,"column":18},"end":{"line":102,"column":32}},{"start":{"line":103,"column":12},"end":{"line":103,"column":53}},{"start":{"line":104,"column":12},"end":{"line":104,"column":61}}]},"11":{"line":112,"type":"binary-expr","locations":[{"start":{"line":112,"column":45},"end":{"line":112,"column":79},"skip":true},{"start":{"line":112,"column":83},"end":{"line":121,"column":9},"skip":true}]},"12":{"line":123,"type":"binary-expr","locations":[{"start":{"line":123,"column":42},"end":{"line":123,"column":73},"skip":true},{"start":{"line":123,"column":77},"end":{"line":136,"column":9},"skip":true}]},"13":{"line":138,"type":"binary-expr","locations":[{"start":{"line":138,"column":48},"end":{"line":138,"column":85},"skip":true},{"start":{"line":139,"column":12},"end":{"line":145,"column":13},"skip":true}]},"14":{"line":147,"type":"binary-expr","locations":[{"start":{"line":147,"column":42},"end":{"line":147,"column":73},"skip":true},{"start":{"line":147,"column":77},"end":{"line":156,"column":9},"skip":true}]},"15":{"line":158,"type":"binary-expr","locations":[{"start":{"line":158,"column":45},"end":{"line":158,"column":79},"skip":true},{"start":{"line":158,"column":83},"end":{"line":167,"column":9},"skip":true}]},"16":{"line":169,"type":"binary-expr","locations":[{"start":{"line":169,"column":43},"end":{"line":169,"column":75},"skip":true},{"start":{"line":169,"column":79},"end":{"line":178,"column":9},"skip":true}]},"17":{"line":180,"type":"binary-expr","locations":[{"start":{"line":180,"column":41},"end":{"line":180,"column":71},"skip":true},{"start":{"line":180,"column":75},"end":{"line":189,"column":9},"skip":true}]}},"code":["/* istanbul instrument in package npmtest_hard_source_webpack_plugin */","/*jslint","    bitwise: true,","    browser: true,","    maxerr: 8,","    maxlen: 96,","    node: true,","    nomen: true,","    regexp: true,","    stupid: true","*/","(function () {","    'use strict';","    var local;","","","","    // run shared js-env code - pre-init","    (function () {","        // init local","        local = {};","        // init modeJs","        local.modeJs = (function () {","            try {","                return typeof navigator.userAgent === 'string' &&","                    typeof document.querySelector('body') === 'object' &&","                    typeof XMLHttpRequest.prototype.open === 'function' &&","                    'browser';","            } catch (errorCaughtBrowser) {","                return module.exports &&","                    typeof process.versions.node === 'string' &&","                    typeof require('http').createServer === 'function' &&","                    'node';","            }","        }());","        // init global","        local.global = local.modeJs === 'browser'","            ? window","            : global;","        switch (local.modeJs) {","        // re-init local from window.local","        case 'browser':","            local = local.global.utility2.objectSetDefault(","                local.global.utility2_rollup || local.global.local,","                local.global.utility2","            );","            break;","        // re-init local from example.js","        case 'node':","            local = (local.global.utility2_rollup || require('utility2'))","                .requireExampleJsFromReadme();","            break;","        }","        // export local","        local.global.local = local;","    }());","","","","    // run shared js-env code - function","    (function () {","        return;","    }());","    switch (local.modeJs) {","","","","    // run browser js-env code - function","    case 'browser':","        break;","","","","    // run node js-env code - function","    case 'node':","        break;","    }","","","","    // run shared js-env code - post-init","    (function () {","        return;","    }());","    switch (local.modeJs) {","","","","    // run browser js-env code - post-init","    case 'browser':","        local.testCase_browser_nullCase = local.testCase_browser_nullCase || function (","            options,","            onError","        ) {","        /*","         * this function will test browsers's null-case handling-behavior-behavior","         */","            onError(null, options);","        };","","        // run tests","        local.nop(local.modeTest &&","            document.querySelector('#testRunButton1') &&","            document.querySelector('#testRunButton1').click());","        break;","","","","    // run node js-env code - post-init","    /* istanbul ignore next */","    case 'node':","        local.testCase_buildApidoc_default = local.testCase_buildApidoc_default || function (","            options,","            onError","        ) {","        /*","         * this function will test buildApidoc's default handling-behavior-behavior","         */","            options = { modulePathList: module.paths };","            local.buildApidoc(options, onError);","        };","","        local.testCase_buildApp_default = local.testCase_buildApp_default || function (","            options,","            onError","        ) {","        /*","         * this function will test buildApp's default handling-behavior-behavior","         */","            local.testCase_buildReadme_default(options, local.onErrorThrow);","            local.testCase_buildLib_default(options, local.onErrorThrow);","            local.testCase_buildTest_default(options, local.onErrorThrow);","            local.testCase_buildCustomOrg_default(options, local.onErrorThrow);","            options = [];","            local.buildApp(options, onError);","        };","","        local.testCase_buildCustomOrg_default = local.testCase_buildCustomOrg_default ||","            function (options, onError) {","            /*","             * this function will test buildCustomOrg's default handling-behavior","             */","                options = {};","                local.buildCustomOrg(options, onError);","            };","","        local.testCase_buildLib_default = local.testCase_buildLib_default || function (","            options,","            onError","        ) {","        /*","         * this function will test buildLib's default handling-behavior","         */","            options = {};","            local.buildLib(options, onError);","        };","","        local.testCase_buildReadme_default = local.testCase_buildReadme_default || function (","            options,","            onError","        ) {","        /*","         * this function will test buildReadme's default handling-behavior-behavior","         */","            options = {};","            local.buildReadme(options, onError);","        };","","        local.testCase_buildTest_default = local.testCase_buildTest_default || function (","            options,","            onError","        ) {","        /*","         * this function will test buildTest's default handling-behavior","         */","            options = {};","            local.buildTest(options, onError);","        };","","        local.testCase_webpage_default = local.testCase_webpage_default || function (","            options,","            onError","        ) {","        /*","         * this function will test webpage's default handling-behavior","         */","            options = { modeCoverageMerge: true, url: local.serverLocalHost + '?modeTest=1' };","            local.browserTest(options, onError);","        };","","        // run test-server","        local.testRunServer(local);","        break;","    }","}());",""],"l":{"12":2,"14":2,"19":2,"21":2,"23":2,"24":2,"25":2,"30":1,"37":2,"40":2,"43":1,"47":1,"50":1,"52":1,"55":2,"61":2,"62":2,"64":2,"70":1,"76":1,"82":2,"83":2,"85":2,"91":1,"98":1,"102":1,"105":1,"112":1,"119":1,"120":1,"123":1,"130":1,"131":1,"132":1,"133":1,"134":1,"135":1,"138":1,"143":2,"144":2,"147":1,"154":2,"155":2,"158":1,"165":2,"166":2,"169":1,"176":2,"177":2,"180":1,"187":1,"188":1,"192":1,"193":1}},"/home/travis/build/npmtest/node-npmtest-hard-source-webpack-plugin/lib.npmtest_hard_source_webpack_plugin.js":{"path":"/home/travis/build/npmtest/node-npmtest-hard-source-webpack-plugin/lib.npmtest_hard_source_webpack_plugin.js","s":{"1":2,"2":2,"3":2,"4":2,"5":2,"6":2,"7":2,"8":1,"9":2,"10":2,"11":2,"12":2,"13":1,"14":1,"15":1,"16":1},"b":{"1":[2,1,1,1],"2":[1,1,1,1],"3":[1,1],"4":[2,2],"5":[1,1]},"f":{"1":2,"2":2,"3":2},"fnMap":{"1":{"name":"(anonymous_1)","line":12,"loc":{"start":{"line":12,"column":1},"end":{"line":12,"column":13}}},"2":{"name":"(anonymous_2)","line":19,"loc":{"start":{"line":19,"column":5},"end":{"line":19,"column":17}}},"3":{"name":"(anonymous_3)","line":23,"loc":{"start":{"line":23,"column":24},"end":{"line":23,"column":36}}}},"statementMap":{"1":{"start":{"line":12,"column":0},"end":{"line":53,"column":5}},"2":{"start":{"line":14,"column":4},"end":{"line":14,"column":14}},"3":{"start":{"line":19,"column":4},"end":{"line":52,"column":9}},"4":{"start":{"line":21,"column":8},"end":{"line":21,"column":19}},"5":{"start":{"line":23,"column":8},"end":{"line":35,"column":13}},"6":{"start":{"line":24,"column":12},"end":{"line":34,"column":13}},"7":{"start":{"line":25,"column":16},"end":{"line":28,"column":30}},"8":{"start":{"line":30,"column":16},"end":{"line":33,"column":27}},"9":{"start":{"line":37,"column":8},"end":{"line":39,"column":21}},"10":{"start":{"line":41,"column":8},"end":{"line":41,"column":54}},"11":{"start":{"line":43,"column":8},"end":{"line":43,"column":71}},"12":{"start":{"line":45,"column":8},"end":{"line":51,"column":9}},"13":{"start":{"line":46,"column":12},"end":{"line":46,"column":77}},"14":{"start":{"line":48,"column":12},"end":{"line":48,"column":35}},"15":{"start":{"line":49,"column":12},"end":{"line":49,"column":49}},"16":{"start":{"line":50,"column":12},"end":{"line":50,"column":43}}},"branchMap":{"1":{"line":25,"type":"binary-expr","locations":[{"start":{"line":25,"column":23},"end":{"line":25,"column":62}},{"start":{"line":26,"column":20},"end":{"line":26,"column":70}},{"start":{"line":27,"column":20},"end":{"line":27,"column":71}},{"start":{"line":28,"column":20},"end":{"line":28,"column":29}}]},"2":{"line":30,"type":"binary-expr","locations":[{"start":{"line":30,"column":23},"end":{"line":30,"column":37}},{"start":{"line":31,"column":20},"end":{"line":31,"column":61}},{"start":{"line":32,"column":20},"end":{"line":32,"column":70}},{"start":{"line":33,"column":20},"end":{"line":33,"column":26}}]},"3":{"line":37,"type":"cond-expr","locations":[{"start":{"line":38,"column":14},"end":{"line":38,"column":20}},{"start":{"line":39,"column":14},"end":{"line":39,"column":20}}]},"4":{"line":41,"type":"binary-expr","locations":[{"start":{"line":41,"column":16},"end":{"line":41,"column":44}},{"start":{"line":41,"column":48},"end":{"line":41,"column":53}}]},"5":{"line":45,"type":"if","locations":[{"start":{"line":45,"column":8},"end":{"line":45,"column":8}},{"start":{"line":45,"column":8},"end":{"line":45,"column":8}}]}},"code":["/* istanbul instrument in package npmtest_hard_source_webpack_plugin */","/*jslint","    bitwise: true,","    browser: true,","    maxerr: 8,","    maxlen: 96,","    node: true,","    nomen: true,","    regexp: true,","    stupid: true","*/","(function () {","    'use strict';","    var local;","","","","    // run shared js-env code - pre-init","    (function () {","        // init local","        local = {};","        // init modeJs","        local.modeJs = (function () {","            try {","                return typeof navigator.userAgent === 'string' &&","                    typeof document.querySelector('body') === 'object' &&","                    typeof XMLHttpRequest.prototype.open === 'function' &&","                    'browser';","            } catch (errorCaughtBrowser) {","                return module.exports &&","                    typeof process.versions.node === 'string' &&","                    typeof require('http').createServer === 'function' &&","                    'node';","            }","        }());","        // init global","        local.global = local.modeJs === 'browser'","            ? window","            : global;","        // init utility2_rollup","        local = local.global.utility2_rollup || local;","        // init lib","        local.local = local.npmtest_hard_source_webpack_plugin = local;","        // init exports","        if (local.modeJs === 'browser') {","            local.global.utility2_npmtest_hard_source_webpack_plugin = local;","        } else {","            module.exports = local;","            module.exports.__dirname = __dirname;","            module.exports.module = module;","        }","    }());","}());",""],"l":{"12":2,"14":2,"19":2,"21":2,"23":2,"24":2,"25":2,"30":1,"37":2,"41":2,"43":2,"45":2,"46":1,"48":1,"49":1,"50":1}},"/home/travis/build/npmtest/node-npmtest-hard-source-webpack-plugin/example.js":{"path":"/home/travis/build/npmtest/node-npmtest-hard-source-webpack-plugin/example.js","s":{"1":2,"2":2,"3":2,"4":2,"5":2,"6":2,"7":2,"8":1,"9":2,"10":2,"11":2,"12":2,"13":1,"14":2,"15":2,"16":2,"17":2,"18":2,"19":0,"20":2,"21":1,"22":1,"23":1,"24":1,"25":1,"26":0,"27":0,"28":1,"29":1,"30":2,"31":0,"32":0,"33":0,"34":1,"35":2,"36":2,"37":3,"38":3,"39":3,"40":3,"41":0,"42":3,"43":3,"44":3,"45":1,"46":3,"47":1,"48":1,"49":1,"50":1,"51":1,"52":1,"53":1,"54":1,"55":1,"56":1,"57":0,"58":1,"59":6,"60":6,"61":1,"62":2,"63":0,"64":2,"65":1,"66":1,"67":0,"68":0,"69":0,"70":0,"71":0,"72":0,"73":0,"74":0,"75":0,"76":0,"77":0,"78":0,"79":0,"80":0,"81":0,"82":0,"83":0},"b":{"1":[2,1,1,1],"2":[1,1,1,1],"3":[1,1],"4":[2,2],"5":[1,1],"6":[1,1],"7":[2,0],"8":[2,1,1,1,1,1],"9":[0,2,0],"10":[1,1],"11":[2,1,1],"12":[1,0],"13":[0,2],"14":[2,0,0,0,0,0,0],"15":[0,3],"16":[3,0],"17":[1,1],"18":[0,1],"19":[1,2,0,2],"20":[1,0],"21":[1,1],"22":[0,0],"23":[0,0],"24":[0,0],"25":[0,0],"26":[0,0],"27":[0,0],"28":[0,0]},"f":{"1":2,"2":2,"3":2,"4":2,"5":2,"6":2,"7":3,"8":3,"9":3,"10":1,"11":6,"12":0},"fnMap":{"1":{"name":"(anonymous_1)","line":26,"loc":{"start":{"line":26,"column":1},"end":{"line":26,"column":13}}},"2":{"name":"(anonymous_2)","line":33,"loc":{"start":{"line":33,"column":5},"end":{"line":33,"column":17}}},"3":{"name":"(anonymous_3)","line":37,"loc":{"start":{"line":37,"column":24},"end":{"line":37,"column":36}}},"4":{"name":"(anonymous_4)","line":69,"loc":{"start":{"line":69,"column":31},"end":{"line":69,"column":48}},"skip":true},"5":{"name":"(anonymous_5)","line":78,"loc":{"start":{"line":78,"column":26},"end":{"line":78,"column":45}},"skip":true},"6":{"name":"(anonymous_6)","line":123,"loc":{"start":{"line":123,"column":33},"end":{"line":123,"column":48}},"skip":true},"7":{"name":"(anonymous_7)","line":125,"loc":{"start":{"line":125,"column":27},"end":{"line":125,"column":39}},"skip":true},"8":{"name":"(anonymous_8)","line":133,"loc":{"start":{"line":133,"column":59},"end":{"line":133,"column":74}},"skip":true},"9":{"name":"(anonymous_9)","line":143,"loc":{"start":{"line":143,"column":45},"end":{"line":143,"column":62}},"skip":true},"10":{"name":"(anonymous_10)","line":144,"loc":{"start":{"line":144,"column":73},"end":{"line":144,"column":92}},"skip":true},"11":{"name":"(anonymous_11)","line":272,"loc":{"start":{"line":272,"column":51},"end":{"line":272,"column":77}},"skip":true},"12":{"name":"(anonymous_12)","line":315,"loc":{"start":{"line":315,"column":32},"end":{"line":315,"column":61}},"skip":true}},"statementMap":{"1":{"start":{"line":26,"column":0},"end":{"line":326,"column":5}},"2":{"start":{"line":28,"column":4},"end":{"line":28,"column":14}},"3":{"start":{"line":33,"column":4},"end":{"line":60,"column":9}},"4":{"start":{"line":35,"column":8},"end":{"line":35,"column":19}},"5":{"start":{"line":37,"column":8},"end":{"line":49,"column":13}},"6":{"start":{"line":38,"column":12},"end":{"line":48,"column":13}},"7":{"start":{"line":39,"column":16},"end":{"line":42,"column":30}},"8":{"start":{"line":44,"column":16},"end":{"line":47,"column":27}},"9":{"start":{"line":51,"column":8},"end":{"line":53,"column":21}},"10":{"start":{"line":55,"column":8},"end":{"line":57,"column":45}},"11":{"start":{"line":59,"column":8},"end":{"line":59,"column":35}},"12":{"start":{"line":61,"column":4},"end":{"line":325,"column":5}},"13":{"start":{"line":69,"column":8},"end":{"line":121,"column":10},"skip":true},"14":{"start":{"line":70,"column":12},"end":{"line":88,"column":13},"skip":true},"15":{"start":{"line":76,"column":16},"end":{"line":87,"column":19},"skip":true},"16":{"start":{"line":79,"column":20},"end":{"line":86,"column":21},"skip":true},"17":{"start":{"line":82,"column":24},"end":{"line":82,"column":43},"skip":true},"18":{"start":{"line":83,"column":24},"end":{"line":83,"column":30},"skip":true},"19":{"start":{"line":85,"column":24},"end":{"line":85,"column":49},"skip":true},"20":{"start":{"line":89,"column":12},"end":{"line":107,"column":13},"skip":true},"21":{"start":{"line":92,"column":16},"end":{"line":102,"column":17},"skip":true},"22":{"start":{"line":93,"column":20},"end":{"line":93,"column":86},"skip":true},"23":{"start":{"line":94,"column":20},"end":{"line":95,"column":45},"skip":true},"24":{"start":{"line":96,"column":20},"end":{"line":96,"column":42},"skip":true},"25":{"start":{"line":97,"column":20},"end":{"line":97,"column":48},"skip":true},"26":{"start":{"line":100,"column":20},"end":{"line":100,"column":85},"skip":true},"27":{"start":{"line":101,"column":20},"end":{"line":101,"column":96},"skip":true},"28":{"start":{"line":103,"column":16},"end":{"line":103,"column":22},"skip":true},"29":{"start":{"line":106,"column":16},"end":{"line":106,"column":22},"skip":true},"30":{"start":{"line":108,"column":12},"end":{"line":120,"column":13},"skip":true},"31":{"start":{"line":114,"column":16},"end":{"line":119,"column":17},"skip":true},"32":{"start":{"line":116,"column":20},"end":{"line":116,"column":78},"skip":true},"33":{"start":{"line":118,"column":20},"end":{"line":118,"column":47},"skip":true},"34":{"start":{"line":123,"column":8},"end":{"line":141,"column":11},"skip":true},"35":{"start":{"line":124,"column":12},"end":{"line":124,"column":54},"skip":true},"36":{"start":{"line":125,"column":12},"end":{"line":140,"column":14},"skip":true},"37":{"start":{"line":126,"column":16},"end":{"line":126,"column":28},"skip":true},"38":{"start":{"line":127,"column":16},"end":{"line":127,"column":69},"skip":true},"39":{"start":{"line":128,"column":16},"end":{"line":128,"column":75},"skip":true},"40":{"start":{"line":129,"column":16},"end":{"line":131,"column":17},"skip":true},"41":{"start":{"line":130,"column":20},"end":{"line":130,"column":27},"skip":true},"42":{"start":{"line":133,"column":16},"end":{"line":137,"column":36},"skip":true},"43":{"start":{"line":134,"column":20},"end":{"line":136,"column":55},"skip":true},"44":{"start":{"line":139,"column":16},"end":{"line":139,"column":57},"skip":true},"45":{"start":{"line":143,"column":8},"end":{"line":147,"column":11},"skip":true},"46":{"start":{"line":144,"column":12},"end":{"line":146,"column":15},"skip":true},"47":{"start":{"line":145,"column":16},"end":{"line":145,"column":70},"skip":true},"48":{"start":{"line":149,"column":8},"end":{"line":149,"column":31},"skip":true},"49":{"start":{"line":150,"column":8},"end":{"line":150,"column":14},"skip":true},"50":{"start":{"line":158,"column":8},"end":{"line":158,"column":31},"skip":true},"51":{"start":{"line":160,"column":8},"end":{"line":160,"column":33},"skip":true},"52":{"start":{"line":161,"column":8},"end":{"line":161,"column":37},"skip":true},"53":{"start":{"line":162,"column":8},"end":{"line":162,"column":35},"skip":true},"54":{"start":{"line":164,"column":8},"end":{"line":164,"column":50},"skip":true},"55":{"start":{"line":166,"column":8},"end":{"line":256,"column":2},"skip":true},"56":{"start":{"line":258,"column":8},"end":{"line":286,"column":9},"skip":true},"57":{"start":{"line":259,"column":12},"end":{"line":269,"column":14},"skip":true},"58":{"start":{"line":271,"column":12},"end":{"line":285,"column":19},"skip":true},"59":{"start":{"line":274,"column":20},"end":{"line":274,"column":35},"skip":true},"60":{"start":{"line":275,"column":20},"end":{"line":284,"column":21},"skip":true},"61":{"start":{"line":277,"column":24},"end":{"line":277,"column":64},"skip":true},"62":{"start":{"line":279,"column":24},"end":{"line":279,"column":40},"skip":true},"63":{"start":{"line":281,"column":24},"end":{"line":281,"column":40},"skip":true},"64":{"start":{"line":283,"column":24},"end":{"line":283,"column":39},"skip":true},"65":{"start":{"line":288,"column":8},"end":{"line":290,"column":9},"skip":true},"66":{"start":{"line":289,"column":12},"end":{"line":289,"column":18},"skip":true},"67":{"start":{"line":291,"column":8},"end":{"line":293,"column":54},"skip":true},"68":{"start":{"line":296,"column":8},"end":{"line":301,"column":37},"skip":true},"69":{"start":{"line":303,"column":8},"end":{"line":303,"column":82},"skip":true},"70":{"start":{"line":306,"column":8},"end":{"line":308,"column":9},"skip":true},"71":{"start":{"line":307,"column":12},"end":{"line":307,"column":82},"skip":true},"72":{"start":{"line":310,"column":8},"end":{"line":312,"column":9},"skip":true},"73":{"start":{"line":311,"column":12},"end":{"line":311,"column":18},"skip":true},"74":{"start":{"line":313,"column":8},"end":{"line":313,"column":54},"skip":true},"75":{"start":{"line":314,"column":8},"end":{"line":314,"column":69},"skip":true},"76":{"start":{"line":315,"column":8},"end":{"line":323,"column":36},"skip":true},"77":{"start":{"line":316,"column":12},"end":{"line":316,"column":61},"skip":true},"78":{"start":{"line":317,"column":12},"end":{"line":320,"column":13},"skip":true},"79":{"start":{"line":318,"column":16},"end":{"line":318,"column":75},"skip":true},"80":{"start":{"line":319,"column":16},"end":{"line":319,"column":23},"skip":true},"81":{"start":{"line":321,"column":12},"end":{"line":321,"column":38},"skip":true},"82":{"start":{"line":322,"column":12},"end":{"line":322,"column":27},"skip":true},"83":{"start":{"line":324,"column":8},"end":{"line":324,"column":14},"skip":true}},"branchMap":{"1":{"line":39,"type":"binary-expr","locations":[{"start":{"line":39,"column":23},"end":{"line":39,"column":62}},{"start":{"line":40,"column":20},"end":{"line":40,"column":70}},{"start":{"line":41,"column":20},"end":{"line":41,"column":71}},{"start":{"line":42,"column":20},"end":{"line":42,"column":29}}]},"2":{"line":44,"type":"binary-expr","locations":[{"start":{"line":44,"column":23},"end":{"line":44,"column":37}},{"start":{"line":45,"column":20},"end":{"line":45,"column":61}},{"start":{"line":46,"column":20},"end":{"line":46,"column":70}},{"start":{"line":47,"column":20},"end":{"line":47,"column":26}}]},"3":{"line":51,"type":"cond-expr","locations":[{"start":{"line":52,"column":14},"end":{"line":52,"column":20}},{"start":{"line":53,"column":14},"end":{"line":53,"column":20}}]},"4":{"line":55,"type":"binary-expr","locations":[{"start":{"line":55,"column":16},"end":{"line":55,"column":44}},{"start":{"line":55,"column":49},"end":{"line":57,"column":43}}]},"5":{"line":55,"type":"cond-expr","locations":[{"start":{"line":56,"column":14},"end":{"line":56,"column":70}},{"start":{"line":57,"column":14},"end":{"line":57,"column":43}}]},"6":{"line":61,"type":"switch","locations":[{"start":{"line":68,"column":4},"end":{"line":150,"column":14},"skip":true},{"start":{"line":156,"column":4},"end":{"line":324,"column":14},"skip":true}]},"7":{"line":70,"type":"if","locations":[{"start":{"line":70,"column":12},"end":{"line":70,"column":12},"skip":true},{"start":{"line":70,"column":12},"end":{"line":70,"column":12},"skip":true}]},"8":{"line":70,"type":"binary-expr","locations":[{"start":{"line":70,"column":16},"end":{"line":70,"column":22},"skip":true},{"start":{"line":70,"column":27},"end":{"line":70,"column":32},"skip":true},{"start":{"line":71,"column":20},"end":{"line":71,"column":39},"skip":true},{"start":{"line":72,"column":20},"end":{"line":72,"column":49},"skip":true},{"start":{"line":73,"column":20},"end":{"line":73,"column":58},"skip":true},{"start":{"line":74,"column":20},"end":{"line":74,"column":69},"skip":true}]},"9":{"line":79,"type":"switch","locations":[{"start":{"line":80,"column":20},"end":{"line":80,"column":33},"skip":true},{"start":{"line":81,"column":20},"end":{"line":83,"column":30},"skip":true},{"start":{"line":84,"column":20},"end":{"line":85,"column":49},"skip":true}]},"10":{"line":89,"type":"switch","locations":[{"start":{"line":90,"column":12},"end":{"line":103,"column":22},"skip":true},{"start":{"line":105,"column":12},"end":{"line":106,"column":22},"skip":true}]},"11":{"line":89,"type":"binary-expr","locations":[{"start":{"line":89,"column":20},"end":{"line":89,"column":25},"skip":true},{"start":{"line":89,"column":29},"end":{"line":89,"column":48},"skip":true},{"start":{"line":89,"column":52},"end":{"line":89,"column":74},"skip":true}]},"12":{"line":92,"type":"if","locations":[{"start":{"line":92,"column":16},"end":{"line":92,"column":16},"skip":true},{"start":{"line":92,"column":16},"end":{"line":92,"column":16},"skip":true}]},"13":{"line":108,"type":"if","locations":[{"start":{"line":108,"column":12},"end":{"line":108,"column":12},"skip":true},{"start":{"line":108,"column":12},"end":{"line":108,"column":12},"skip":true}]},"14":{"line":108,"type":"binary-expr","locations":[{"start":{"line":108,"column":16},"end":{"line":108,"column":61},"skip":true},{"start":{"line":108,"column":66},"end":{"line":108,"column":72},"skip":true},{"start":{"line":108,"column":77},"end":{"line":108,"column":82},"skip":true},{"start":{"line":109,"column":20},"end":{"line":109,"column":39},"skip":true},{"start":{"line":110,"column":20},"end":{"line":110,"column":49},"skip":true},{"start":{"line":111,"column":20},"end":{"line":111,"column":58},"skip":true},{"start":{"line":112,"column":20},"end":{"line":112,"column":68},"skip":true}]},"15":{"line":129,"type":"if","locations":[{"start":{"line":129,"column":16},"end":{"line":129,"column":16},"skip":true},{"start":{"line":129,"column":16},"end":{"line":129,"column":16},"skip":true}]},"16":{"line":134,"type":"cond-expr","locations":[{"start":{"line":135,"column":26},"end":{"line":135,"column":29},"skip":true},{"start":{"line":136,"column":26},"end":{"line":136,"column":54},"skip":true}]},"17":{"line":164,"type":"binary-expr","locations":[{"start":{"line":164,"column":27},"end":{"line":164,"column":43},"skip":true},{"start":{"line":164,"column":47},"end":{"line":164,"column":49},"skip":true}]},"18":{"line":258,"type":"if","locations":[{"start":{"line":258,"column":8},"end":{"line":258,"column":8},"skip":true},{"start":{"line":258,"column":8},"end":{"line":258,"column":8},"skip":true}]},"19":{"line":275,"type":"switch","locations":[{"start":{"line":276,"column":20},"end":{"line":277,"column":64},"skip":true},{"start":{"line":278,"column":20},"end":{"line":279,"column":40},"skip":true},{"start":{"line":280,"column":20},"end":{"line":281,"column":40},"skip":true},{"start":{"line":282,"column":20},"end":{"line":283,"column":39},"skip":true}]},"20":{"line":288,"type":"if","locations":[{"start":{"line":288,"column":8},"end":{"line":288,"column":8},"skip":true},{"start":{"line":288,"column":8},"end":{"line":288,"column":8},"skip":true}]},"21":{"line":288,"type":"binary-expr","locations":[{"start":{"line":288,"column":12},"end":{"line":288,"column":40},"skip":true},{"start":{"line":288,"column":44},"end":{"line":288,"column":67},"skip":true}]},"22":{"line":292,"type":"binary-expr","locations":[{"start":{"line":292,"column":12},"end":{"line":292,"column":50},"skip":true},{"start":{"line":293,"column":12},"end":{"line":293,"column":53},"skip":true}]},"23":{"line":297,"type":"binary-expr","locations":[{"start":{"line":297,"column":12},"end":{"line":297,"column":84},"skip":true},{"start":{"line":298,"column":12},"end":{"line":301,"column":36},"skip":true}]},"24":{"line":303,"type":"binary-expr","locations":[{"start":{"line":303,"column":43},"end":{"line":303,"column":75},"skip":true},{"start":{"line":303,"column":79},"end":{"line":303,"column":81},"skip":true}]},"25":{"line":306,"type":"if","locations":[{"start":{"line":306,"column":8},"end":{"line":306,"column":8},"skip":true},{"start":{"line":306,"column":8},"end":{"line":306,"column":8},"skip":true}]},"26":{"line":310,"type":"if","locations":[{"start":{"line":310,"column":8},"end":{"line":310,"column":8},"skip":true},{"start":{"line":310,"column":8},"end":{"line":310,"column":8},"skip":true}]},"27":{"line":313,"type":"binary-expr","locations":[{"start":{"line":313,"column":27},"end":{"line":313,"column":43},"skip":true},{"start":{"line":313,"column":47},"end":{"line":313,"column":53},"skip":true}]},"28":{"line":317,"type":"if","locations":[{"start":{"line":317,"column":12},"end":{"line":317,"column":12},"skip":true},{"start":{"line":317,"column":12},"end":{"line":317,"column":12},"skip":true}]}},"code":["/*","example.js","","quickstart example","","instruction","    1. save this script as example.js","    2. run the shell command:","        $ npm install npmtest-hard-source-webpack-plugin && PORT=8081 node example.js","    3. play with the browser-demo on http://127.0.0.1:8081","*/","","","","/* istanbul instrument in package npmtest_hard_source_webpack_plugin */","/*jslint","    bitwise: true,","    browser: true,","    maxerr: 8,","    maxlen: 96,","    node: true,","    nomen: true,","    regexp: true,","    stupid: true","*/","(function () {","    'use strict';","    var local;","","","","    // run shared js-env code - pre-init","    (function () {","        // init local","        local = {};","        // init modeJs","        local.modeJs = (function () {","            try {","                return typeof navigator.userAgent === 'string' &&","                    typeof document.querySelector('body') === 'object' &&","                    typeof XMLHttpRequest.prototype.open === 'function' &&","                    'browser';","            } catch (errorCaughtBrowser) {","                return module.exports &&","                    typeof process.versions.node === 'string' &&","                    typeof require('http').createServer === 'function' &&","                    'node';","            }","        }());","        // init global","        local.global = local.modeJs === 'browser'","            ? window","            : global;","        // init utility2_rollup","        local = local.global.utility2_rollup || (local.modeJs === 'browser'","            ? local.global.utility2_npmtest_hard_source_webpack_plugin","            : global.utility2_moduleExports);","        // export local","        local.global.local = local;","    }());","    switch (local.modeJs) {","","","","    // post-init","    // run browser js-env code - post-init","    /* istanbul ignore next */","    case 'browser':","        local.testRunBrowser = function (event) {","            if (!event || (event &&","                    event.currentTarget &&","                    event.currentTarget.className &&","                    event.currentTarget.className.includes &&","                    event.currentTarget.className.includes('onreset'))) {","                // reset output","                Array.from(","                    document.querySelectorAll('body > .resettable')","                ).forEach(function (element) {","                    switch (element.tagName) {","                    case 'INPUT':","                    case 'TEXTAREA':","                        element.value = '';","                        break;","                    default:","                        element.textContent = '';","                    }","                });","            }","            switch (event && event.currentTarget && event.currentTarget.id) {","            case 'testRunButton1':","                // show tests","                if (document.querySelector('#testReportDiv1').style.display === 'none') {","                    document.querySelector('#testReportDiv1').style.display = 'block';","                    document.querySelector('#testRunButton1').textContent =","                        'hide internal test';","                    local.modeTest = true;","                    local.testRunDefault(local);","                // hide tests","                } else {","                    document.querySelector('#testReportDiv1').style.display = 'none';","                    document.querySelector('#testRunButton1').textContent = 'run internal test';","                }","                break;","            // custom-case","            default:","                break;","            }","            if (document.querySelector('#inputTextareaEval1') && (!event || (event &&","                    event.currentTarget &&","                    event.currentTarget.className &&","                    event.currentTarget.className.includes &&","                    event.currentTarget.className.includes('oneval')))) {","                // try to eval input-code","                try {","                    /*jslint evil: true*/","                    eval(document.querySelector('#inputTextareaEval1').value);","                } catch (errorCaught) {","                    console.error(errorCaught);","                }","            }","        };","        // log stderr and stdout to #outputTextareaStdout1","        ['error', 'log'].forEach(function (key) {","            console[key + '_original'] = console[key];","            console[key] = function () {","                var element;","                console[key + '_original'].apply(console, arguments);","                element = document.querySelector('#outputTextareaStdout1');","                if (!element) {","                    return;","                }","                // append text to #outputTextareaStdout1","                element.value += Array.from(arguments).map(function (arg) {","                    return typeof arg === 'string'","                        ? arg","                        : JSON.stringify(arg, null, 4);","                }).join(' ') + '\\n';","                // scroll textarea to bottom","                element.scrollTop = element.scrollHeight;","            };","        });","        // init event-handling","        ['change', 'click', 'keyup'].forEach(function (event) {","            Array.from(document.querySelectorAll('.on' + event)).forEach(function (element) {","                element.addEventListener(event, local.testRunBrowser);","            });","        });","        // run tests","        local.testRunBrowser();","        break;","","","","    // run node js-env code - post-init","    /* istanbul ignore next */","    case 'node':","        // export local","        module.exports = local;","        // require modules","        local.fs = require('fs');","        local.http = require('http');","        local.url = require('url');","        // init assets","        local.assetsDict = local.assetsDict || {};","        /* jslint-ignore-begin */","        local.assetsDict['/assets.index.template.html'] = '\\","<!doctype html>\\n\\","<html lang=\"en\">\\n\\","<head>\\n\\","<meta charset=\"UTF-8\">\\n\\","<meta name=\"viewport\" content=\"width=device-width, initial-scale=1\">\\n\\","<title>{{env.npm_package_name}} (v{{env.npm_package_version}})</title>\\n\\","<style>\\n\\","/*csslint\\n\\","    box-sizing: false,\\n\\","    universal-selector: false\\n\\","*/\\n\\","* {\\n\\","    box-sizing: border-box;\\n\\","}\\n\\","body {\\n\\","    background: #dde;\\n\\","    font-family: Arial, Helvetica, sans-serif;\\n\\","    margin: 2rem;\\n\\","}\\n\\","body > * {\\n\\","    margin-bottom: 1rem;\\n\\","}\\n\\",".utility2FooterDiv {\\n\\","    margin-top: 20px;\\n\\","    text-align: center;\\n\\","}\\n\\","</style>\\n\\","<style>\\n\\","/*csslint\\n\\","*/\\n\\","textarea {\\n\\","    font-family: monospace;\\n\\","    height: 10rem;\\n\\","    width: 100%;\\n\\","}\\n\\","textarea[readonly] {\\n\\","    background: #ddd;\\n\\","}\\n\\","</style>\\n\\","</head>\\n\\","<body>\\n\\","<!-- utility2-comment\\n\\","<div id=\"ajaxProgressDiv1\" style=\"background: #d00; height: 2px; left: 0; margin: 0; padding: 0; position: fixed; top: 0; transition: background 0.5s, width 1.5s; width: 25%;\"></div>\\n\\","utility2-comment -->\\n\\","<h1>\\n\\","<!-- utility2-comment\\n\\","    <a\\n\\","        {{#if env.npm_package_homepage}}\\n\\","        href=\"{{env.npm_package_homepage}}\"\\n\\","        {{/if env.npm_package_homepage}}\\n\\","        target=\"_blank\"\\n\\","    >\\n\\","utility2-comment -->\\n\\","        {{env.npm_package_name}} (v{{env.npm_package_version}})\\n\\","<!-- utility2-comment\\n\\","    </a>\\n\\","utility2-comment -->\\n\\","</h1>\\n\\","<h3>{{env.npm_package_description}}</h3>\\n\\","<!-- utility2-comment\\n\\","<h4><a download href=\"assets.app.js\">download standalone app</a></h4>\\n\\","<button class=\"onclick onreset\" id=\"testRunButton1\">run internal test</button><br>\\n\\","<div id=\"testReportDiv1\" style=\"display: none;\"></div>\\n\\","utility2-comment -->\\n\\","\\n\\","\\n\\","\\n\\","<label>stderr and stdout</label>\\n\\","<textarea class=\"resettable\" id=\"outputTextareaStdout1\" readonly></textarea>\\n\\","<!-- utility2-comment\\n\\","{{#if isRollup}}\\n\\","<script src=\"assets.app.js\"></script>\\n\\","{{#unless isRollup}}\\n\\","utility2-comment -->\\n\\","<script src=\"assets.utility2.rollup.js\"></script>\\n\\","<script src=\"jsonp.utility2._stateInit?callback=window.utility2._stateInit\"></script>\\n\\","<script src=\"assets.npmtest_hard_source_webpack_plugin.rollup.js\"></script>\\n\\","<script src=\"assets.example.js\"></script>\\n\\","<script src=\"assets.test.js\"></script>\\n\\","<!-- utility2-comment\\n\\","{{/if isRollup}}\\n\\","utility2-comment -->\\n\\","<div class=\"utility2FooterDiv\">\\n\\","    [ this app was created with\\n\\","    <a href=\"https://github.com/kaizhu256/node-utility2\" target=\"_blank\">utility2</a>\\n\\","    ]\\n\\","</div>\\n\\","</body>\\n\\","</html>\\n\\","';","        /* jslint-ignore-end */","        if (local.templateRender) {","            local.assetsDict['/'] = local.templateRender(","                local.assetsDict['/assets.index.template.html'],","                {","                    env: local.objectSetDefault(local.env, {","                        npm_package_description: 'the greatest app in the world!',","                        npm_package_name: 'my-app',","                        npm_package_nameAlias: 'my_app',","                        npm_package_version: '0.0.1'","                    })","                }","            );","        } else {","            local.assetsDict['/'] = local.assetsDict['/assets.index.template.html']","                .replace((/\\{\\{env\\.(\\w+?)\\}\\}/g), function (match0, match1) {","                    // jslint-hack","                    String(match0);","                    switch (match1) {","                    case 'npm_package_description':","                        return 'the greatest app in the world!';","                    case 'npm_package_name':","                        return 'my-app';","                    case 'npm_package_nameAlias':","                        return 'my_app';","                    case 'npm_package_version':","                        return '0.0.1';","                    }","                });","        }","        // run the cli","        if (local.global.utility2_rollup || module !== require.main) {","            break;","        }","        local.assetsDict['/assets.example.js'] =","            local.assetsDict['/assets.example.js'] ||","            local.fs.readFileSync(__filename, 'utf8');","        // bug-workaround - long $npm_package_buildCustomOrg","        /* jslint-ignore-begin */","        local.assetsDict['/assets.npmtest_hard_source_webpack_plugin.rollup.js'] =","            local.assetsDict['/assets.npmtest_hard_source_webpack_plugin.rollup.js'] ||","            local.fs.readFileSync(","                local.npmtest_hard_source_webpack_plugin.__dirname + '/lib.npmtest_hard_source_webpack_plugin.js',","                'utf8'","            ).replace((/^#!/), '//');","        /* jslint-ignore-end */","        local.assetsDict['/favicon.ico'] = local.assetsDict['/favicon.ico'] || '';","        // if $npm_config_timeout_exit exists,","        // then exit this process after $npm_config_timeout_exit ms","        if (Number(process.env.npm_config_timeout_exit)) {","            setTimeout(process.exit, Number(process.env.npm_config_timeout_exit));","        }","        // start server","        if (local.global.utility2_serverHttp1) {","            break;","        }","        process.env.PORT = process.env.PORT || '8081';","        console.error('server starting on port ' + process.env.PORT);","        local.http.createServer(function (request, response) {","            request.urlParsed = local.url.parse(request.url);","            if (local.assetsDict[request.urlParsed.pathname] !== undefined) {","                response.end(local.assetsDict[request.urlParsed.pathname]);","                return;","            }","            response.statusCode = 404;","            response.end();","        }).listen(process.env.PORT);","        break;","    }","}());",""],"l":{"26":2,"28":2,"33":2,"35":2,"37":2,"38":2,"39":2,"44":1,"51":2,"55":2,"59":2,"61":2,"69":1,"70":2,"76":2,"79":2,"82":2,"83":2,"85":1,"89":2,"92":1,"93":1,"94":1,"96":1,"97":1,"100":1,"101":1,"103":1,"106":1,"108":2,"114":1,"116":1,"118":1,"123":1,"124":2,"125":2,"126":3,"127":3,"128":3,"129":3,"130":1,"133":3,"134":3,"139":3,"143":1,"144":3,"145":1,"149":1,"150":1,"158":1,"160":1,"161":1,"162":1,"164":1,"166":1,"258":1,"259":1,"271":1,"274":6,"275":6,"277":1,"279":2,"281":1,"283":2,"288":1,"289":1,"291":1,"296":1,"303":1,"306":1,"307":1,"310":1,"311":1,"313":1,"314":1,"315":1,"316":1,"317":1,"318":1,"319":1,"321":1,"322":1,"324":1}},"/home/travis/build/npmtest/node-npmtest-hard-source-webpack-plugin/node_modules/hard-source-webpack-plugin/index.js":{"path":"/home/travis/build/npmtest/node-npmtest-hard-source-webpack-plugin/node_modules/hard-source-webpack-plugin/index.js","s":{"1":1,"2":1,"3":1,"4":1,"5":1,"6":1,"7":1,"8":1,"9":1,"10":1,"11":1,"12":1,"13":1,"14":1,"15":1,"16":1,"17":1,"18":1,"19":1,"20":1,"21":1,"22":1,"23":1,"24":1,"25":1,"26":1,"27":1,"28":1,"29":1,"30":1,"31":1,"32":1,"33":1,"34":1,"35":1,"36":0,"37":0,"38":1,"39":1,"40":1,"41":1,"42":1,"43":1,"44":1,"45":1,"46":1,"47":1,"48":1,"49":1,"50":1,"51":1,"52":1,"53":1,"54":1,"55":1,"56":0,"57":1,"58":1,"59":1,"60":1,"61":1,"62":1,"63":1,"64":0,"65":0,"66":0,"67":0,"68":0,"69":0,"70":1,"71":0,"72":0,"73":0,"74":0,"75":0,"76":0,"77":0,"78":0,"79":0,"80":0,"81":0,"82":0,"83":0,"84":0,"85":0,"86":0,"87":0,"88":0,"89":0,"90":0,"91":0,"92":0,"93":0,"94":0,"95":0,"96":1,"97":0,"98":0,"99":1,"100":0,"101":0,"102":1,"103":0,"104":0,"105":0,"106":0,"107":1,"108":0,"109":1,"110":0,"111":0,"112":0,"113":0,"114":0,"115":0,"116":0,"117":1,"118":0,"119":1,"120":1,"121":0,"122":0,"123":0,"124":0,"125":0,"126":0,"127":0,"128":0,"129":0,"130":0,"131":0,"132":0,"133":0,"134":0,"135":0,"136":0,"137":0,"138":0,"139":0,"140":0,"141":0,"142":0,"143":0,"144":0,"145":0,"146":0,"147":0,"148":0,"149":0,"150":0,"151":0,"152":0,"153":0,"154":0,"155":0,"156":0,"157":0,"158":0,"159":0,"160":0,"161":0,"162":0,"163":0,"164":0,"165":0,"166":0,"167":0,"168":0,"169":0,"170":0,"171":0,"172":0,"173":0,"174":0,"175":0,"176":0,"177":0,"178":0,"179":0,"180":0,"181":0,"182":0,"183":0,"184":0,"185":0,"186":0,"187":0,"188":0,"189":0,"190":0,"191":0,"192":0,"193":0,"194":0,"195":0,"196":0,"197":1,"198":0,"199":0,"200":0,"201":0,"202":0,"203":0,"204":0,"205":0,"206":0,"207":0,"208":0,"209":0,"210":0,"211":0,"212":0,"213":0,"214":0,"215":0,"216":0,"217":0,"218":0,"219":0,"220":0,"221":0,"222":0,"223":1,"224":0,"225":0,"226":0,"227":0,"228":0,"229":0,"230":0,"231":0,"232":0,"233":0,"234":0,"235":0,"236":0,"237":0,"238":0,"239":0,"240":0,"241":0,"242":0,"243":0,"244":0,"245":0,"246":0,"247":0,"248":0,"249":0,"250":0,"251":0,"252":0,"253":0,"254":0,"255":0,"256":0,"257":0,"258":0,"259":0,"260":0,"261":0,"262":0,"263":0,"264":0,"265":0,"266":0,"267":0,"268":0,"269":0,"270":0,"271":0,"272":0,"273":0,"274":0,"275":0,"276":0,"277":0,"278":0,"279":0,"280":0,"281":0,"282":0,"283":0,"284":0,"285":0,"286":0,"287":0,"288":0,"289":0,"290":0,"291":0,"292":0,"293":0,"294":0,"295":0,"296":0,"297":0,"298":0,"299":0,"300":1,"301":0,"302":0,"303":1,"304":0,"305":0,"306":0,"307":0,"308":0,"309":0,"310":0,"311":0,"312":0,"313":0,"314":0,"315":0,"316":0,"317":0,"318":0,"319":0,"320":0,"321":0,"322":0,"323":0,"324":0,"325":0,"326":0,"327":0,"328":0,"329":0,"330":0,"331":0,"332":0,"333":0,"334":0,"335":0,"336":1,"337":0,"338":0,"339":0,"340":0,"341":0,"342":0,"343":0,"344":0,"345":0,"346":0,"347":0,"348":0,"349":0,"350":0,"351":0,"352":0,"353":0,"354":0,"355":0,"356":0,"357":0,"358":0,"359":0,"360":0,"361":0,"362":0,"363":0,"364":0,"365":0,"366":0,"367":0,"368":0,"369":0,"370":0,"371":0,"372":0,"373":0,"374":0,"375":0,"376":0,"377":0,"378":0,"379":0,"380":0,"381":0,"382":0,"383":0,"384":0,"385":0,"386":0,"387":0,"388":0,"389":0,"390":0,"391":0,"392":0,"393":0,"394":0,"395":0,"396":0,"397":0,"398":0,"399":0,"400":0,"401":0,"402":0,"403":0,"404":0,"405":0,"406":0,"407":0,"408":0,"409":0,"410":0,"411":0,"412":0,"413":0,"414":0,"415":0,"416":0,"417":0,"418":0,"419":0,"420":0,"421":0,"422":0,"423":0,"424":0,"425":0,"426":0,"427":0,"428":0,"429":0,"430":0,"431":0,"432":0,"433":0,"434":0,"435":0,"436":0,"437":0,"438":0,"439":0,"440":0,"441":0,"442":0,"443":0,"444":0,"445":0,"446":0,"447":0,"448":0,"449":0,"450":0,"451":0,"452":0,"453":0,"454":0,"455":0,"456":0,"457":0,"458":0,"459":0,"460":0,"461":0,"462":0,"463":0,"464":0,"465":0,"466":0,"467":0,"468":0,"469":0,"470":0,"471":0,"472":0,"473":0,"474":0,"475":0,"476":0,"477":0,"478":0,"479":0,"480":0,"481":0,"482":0,"483":0,"484":0,"485":0,"486":0,"487":0,"488":0,"489":0,"490":0,"491":0,"492":0,"493":0,"494":0,"495":0,"496":0,"497":0,"498":0,"499":0,"500":0,"501":0,"502":0,"503":0,"504":0,"505":0,"506":0,"507":0,"508":0,"509":0,"510":0,"511":0,"512":0,"513":0,"514":0,"515":0,"516":0,"517":0,"518":0,"519":0,"520":0,"521":0,"522":0,"523":0,"524":0,"525":0,"526":0,"527":1,"528":0,"529":0,"530":0,"531":0,"532":0,"533":0,"534":0,"535":0,"536":0,"537":0,"538":0,"539":0,"540":0,"541":0,"542":0,"543":0,"544":0,"545":0,"546":0,"547":0,"548":0,"549":0,"550":0,"551":0,"552":0,"553":0,"554":0,"555":0,"556":0,"557":0,"558":0,"559":0,"560":0,"561":0,"562":0,"563":0,"564":0,"565":0,"566":0,"567":0,"568":0,"569":0,"570":0,"571":0,"572":0,"573":0,"574":0,"575":0,"576":0,"577":0,"578":0,"579":0,"580":0,"581":0,"582":0,"583":0,"584":0,"585":0,"586":0,"587":0,"588":0,"589":0,"590":0,"591":0,"592":0,"593":0,"594":0,"595":0,"596":0,"597":0,"598":0,"599":0,"600":0,"601":0,"602":1,"603":0,"604":0,"605":0,"606":0,"607":0,"608":0,"609":0,"610":0,"611":0,"612":0,"613":0,"614":0,"615":0,"616":0,"617":1,"618":0,"619":0,"620":0,"621":0,"622":0,"623":0,"624":0,"625":0,"626":0,"627":0,"628":0,"629":0,"630":0,"631":0,"632":0,"633":0,"634":0,"635":0,"636":0,"637":1,"638":0,"639":0,"640":0,"641":1,"642":0,"643":0,"644":0,"645":0,"646":0,"647":0,"648":0,"649":0,"650":0,"651":0,"652":0,"653":0,"654":0,"655":0,"656":0,"657":0,"658":0,"659":0,"660":0,"661":0,"662":0,"663":0,"664":0,"665":0,"666":0,"667":0,"668":0,"669":0,"670":0,"671":0,"672":0,"673":0,"674":0,"675":0,"676":0,"677":0,"678":0,"679":0},"b":{"1":[0,0],"2":[0,0],"3":[0,0],"4":[0,0],"5":[0,0],"6":[0,0],"7":[0,0],"8":[0,0,0],"9":[0,0],"10":[0,0],"11":[0,0],"12":[0,0],"13":[0,0],"14":[0,0],"15":[0,0,0],"16":[0,0,0,0,0,0],"17":[0,0],"18":[0,0],"19":[0,0],"20":[0,0],"21":[0,0],"22":[0,0],"23":[0,0],"24":[0,0],"25":[0,0],"26":[0,0],"27":[0,0],"28":[0,0],"29":[0,0],"30":[0,0],"31":[0,0],"32":[0,0],"33":[0,0],"34":[0,0],"35":[0,0],"36":[0,0],"37":[0,0],"38":[0,0],"39":[0,0],"40":[0,0],"41":[0,0],"42":[0,0],"43":[0,0],"44":[0,0],"45":[0,0],"46":[0,0],"47":[0,0],"48":[0,0],"49":[0,0],"50":[0,0],"51":[0,0],"52":[0,0],"53":[0,0],"54":[0,0],"55":[0,0],"56":[0,0],"57":[0,0],"58":[0,0],"59":[0,0,0],"60":[0,0],"61":[0,0],"62":[0,0],"63":[0,0],"64":[0,0],"65":[0,0],"66":[0,0],"67":[0,0],"68":[0,0],"69":[0,0],"70":[0,0],"71":[0,0],"72":[0,0,0,0],"73":[0,0],"74":[0,0],"75":[0,0],"76":[0,0],"77":[0,0],"78":[0,0],"79":[0,0],"80":[0,0],"81":[0,0],"82":[0,0],"83":[0,0],"84":[0,0],"85":[0,0],"86":[0,0],"87":[0,0],"88":[0,0],"89":[0,0,0],"90":[0,0],"91":[0,0,0,0],"92":[0,0],"93":[0,0,0],"94":[0,0],"95":[0,0],"96":[0,0],"97":[0,0],"98":[0,0],"99":[0,0],"100":[0,0],"101":[0,0],"102":[0,0],"103":[0,0],"104":[0,0],"105":[0,0],"106":[0,0],"107":[0,0],"108":[0,0],"109":[0,0],"110":[0,0],"111":[0,0],"112":[0,0],"113":[0,0],"114":[0,0],"115":[0,0],"116":[0,0],"117":[0,0],"118":[0,0,0],"119":[0,0],"120":[0,0],"121":[0,0],"122":[0,0,0],"123":[0,0],"124":[0,0],"125":[0,0],"126":[0,0],"127":[0,0],"128":[0,0],"129":[0,0],"130":[0,0],"131":[0,0],"132":[0,0],"133":[0,0],"134":[0,0],"135":[0,0],"136":[0,0],"137":[0,0],"138":[0,0],"139":[0,0],"140":[0,0],"141":[0,0,0],"142":[0,0],"143":[0,0],"144":[0,0],"145":[0,0],"146":[0,0,0],"147":[0,0],"148":[0,0],"149":[0,0],"150":[0,0],"151":[0,0],"152":[0,0],"153":[0,0],"154":[0,0],"155":[0,0],"156":[0,0,0],"157":[0,0],"158":[0,0],"159":[0,0],"160":[0,0],"161":[0,0],"162":[0,0,0,0,0,0],"163":[0,0],"164":[0,0],"165":[0,0],"166":[0,0],"167":[0,0],"168":[0,0],"169":[0,0],"170":[0,0],"171":[0,0],"172":[0,0,0,0,0,0,0],"173":[0,0],"174":[0,0],"175":[0,0],"176":[0,0],"177":[0,0],"178":[0,0],"179":[0,0],"180":[0,0],"181":[0,0],"182":[0,0,0],"183":[0,0],"184":[0,0],"185":[0,0,0,0,0,0,0],"186":[0,0],"187":[0,0],"188":[0,0],"189":[0,0],"190":[0,0]},"f":{"1":0,"2":0,"3":0,"4":0,"5":0,"6":0,"7":0,"8":0,"9":0,"10":0,"11":0,"12":0,"13":0,"14":0,"15":0,"16":0,"17":0,"18":0,"19":0,"20":0,"21":0,"22":0,"23":0,"24":0,"25":0,"26":0,"27":0,"28":0,"29":0,"30":0,"31":0,"32":0,"33":0,"34":0,"35":0,"36":0,"37":0,"38":0,"39":0,"40":0,"41":0,"42":0,"43":0,"44":0,"45":0,"46":0,"47":0,"48":0,"49":0,"50":0,"51":0,"52":0,"53":0,"54":0,"55":0,"56":0,"57":0,"58":0,"59":0,"60":0,"61":0,"62":0,"63":0,"64":0,"65":0,"66":0,"67":0,"68":0,"69":0,"70":0,"71":0,"72":0,"73":0,"74":0,"75":0,"76":0,"77":0,"78":0,"79":0,"80":0,"81":0,"82":0,"83":0,"84":0,"85":0,"86":0,"87":0,"88":0,"89":0,"90":0,"91":0,"92":0,"93":0,"94":0,"95":0,"96":0,"97":0,"98":0,"99":0,"100":0,"101":0,"102":0,"103":0,"104":0,"105":0,"106":0,"107":0,"108":0,"109":0,"110":0,"111":0,"112":0,"113":0,"114":0,"115":0,"116":0,"117":0,"118":0,"119":0,"120":0,"121":0,"122":0,"123":0,"124":0,"125":0,"126":0,"127":0,"128":0,"129":0,"130":0,"131":0,"132":0,"133":0,"134":0,"135":0,"136":0,"137":0,"138":0,"139":0,"140":0,"141":0,"142":0,"143":0,"144":0,"145":0,"146":0},"fnMap":{"1":{"name":"(anonymous_1)","line":61,"loc":{"start":{"line":61,"column":35},"end":{"line":61,"column":46}}},"2":{"name":"requestHash","line":88,"loc":{"start":{"line":88,"column":0},"end":{"line":88,"column":30}}},"3":{"name":"flattenPrototype","line":104,"loc":{"start":{"line":104,"column":0},"end":{"line":104,"column":31}}},"4":{"name":"serializeDependencies","line":115,"loc":{"start":{"line":115,"column":0},"end":{"line":115,"column":58}}},"5":{"name":"(anonymous_5)","line":117,"loc":{"start":{"line":117,"column":7},"end":{"line":117,"column":21}}},"6":{"name":"(anonymous_6)","line":191,"loc":{"start":{"line":191,"column":10},"end":{"line":191,"column":24}}},"7":{"name":"serializeVariables","line":200,"loc":{"start":{"line":200,"column":0},"end":{"line":200,"column":55}}},"8":{"name":"(anonymous_8)","line":201,"loc":{"start":{"line":201,"column":18},"end":{"line":201,"column":37}}},"9":{"name":"serializeBlocks","line":209,"loc":{"start":{"line":209,"column":0},"end":{"line":209,"column":54}}},"10":{"name":"(anonymous_10)","line":210,"loc":{"start":{"line":210,"column":20},"end":{"line":210,"column":36}}},"11":{"name":"serializeHashContent","line":220,"loc":{"start":{"line":220,"column":0},"end":{"line":220,"column":38}}},"12":{"name":"(anonymous_12)","line":223,"loc":{"start":{"line":223,"column":12},"end":{"line":223,"column":26}}},"13":{"name":"HardSourceWebpackPlugin","line":247,"loc":{"start":{"line":247,"column":0},"end":{"line":247,"column":42}}},"14":{"name":"(anonymous_14)","line":251,"loc":{"start":{"line":251,"column":44},"end":{"line":251,"column":70}}},"15":{"name":"(anonymous_15)","line":265,"loc":{"start":{"line":265,"column":49},"end":{"line":265,"column":66}}},"16":{"name":"(anonymous_16)","line":270,"loc":{"start":{"line":270,"column":42},"end":{"line":270,"column":61}}},"17":{"name":"(anonymous_17)","line":300,"loc":{"start":{"line":300,"column":26},"end":{"line":300,"column":37}}},"18":{"name":"(anonymous_18)","line":305,"loc":{"start":{"line":305,"column":26},"end":{"line":305,"column":37}}},"19":{"name":"(anonymous_19)","line":310,"loc":{"start":{"line":310,"column":26},"end":{"line":310,"column":37}}},"20":{"name":"(anonymous_20)","line":320,"loc":{"start":{"line":320,"column":26},"end":{"line":320,"column":37}}},"21":{"name":"(anonymous_21)","line":325,"loc":{"start":{"line":325,"column":26},"end":{"line":325,"column":37}}},"22":{"name":"(anonymous_22)","line":330,"loc":{"start":{"line":330,"column":26},"end":{"line":330,"column":37}}},"23":{"name":"(anonymous_23)","line":335,"loc":{"start":{"line":335,"column":26},"end":{"line":335,"column":37}}},"24":{"name":"(anonymous_24)","line":392,"loc":{"start":{"line":392,"column":35},"end":{"line":392,"column":46}}},"25":{"name":"bindFS","line":401,"loc":{"start":{"line":401,"column":2},"end":{"line":401,"column":20}}},"26":{"name":"(anonymous_26)","line":412,"loc":{"start":{"line":412,"column":12},"end":{"line":412,"column":27}}},"27":{"name":"(anonymous_27)","line":414,"loc":{"start":{"line":414,"column":12},"end":{"line":414,"column":27}}},"28":{"name":"(anonymous_28)","line":415,"loc":{"start":{"line":415,"column":13},"end":{"line":415,"column":24}}},"29":{"name":"(anonymous_29)","line":418,"loc":{"start":{"line":418,"column":10},"end":{"line":418,"column":25}}},"30":{"name":"(anonymous_30)","line":420,"loc":{"start":{"line":420,"column":14},"end":{"line":420,"column":40}}},"31":{"name":"(anonymous_31)","line":421,"loc":{"start":{"line":421,"column":50},"end":{"line":421,"column":74}}},"32":{"name":"(anonymous_32)","line":427,"loc":{"start":{"line":427,"column":13},"end":{"line":427,"column":24}}},"33":{"name":"(anonymous_33)","line":430,"loc":{"start":{"line":430,"column":20},"end":{"line":430,"column":68}}},"34":{"name":"(anonymous_34)","line":432,"loc":{"start":{"line":432,"column":34},"end":{"line":432,"column":52}}},"35":{"name":"(anonymous_35)","line":436,"loc":{"start":{"line":436,"column":31},"end":{"line":436,"column":46}}},"36":{"name":"(anonymous_36)","line":437,"loc":{"start":{"line":437,"column":36},"end":{"line":437,"column":54}}},"37":{"name":"(anonymous_37)","line":444,"loc":{"start":{"line":444,"column":49},"end":{"line":444,"column":71}}},"38":{"name":"walk","line":448,"loc":{"start":{"line":448,"column":8},"end":{"line":448,"column":27}}},"39":{"name":"(anonymous_39)","line":450,"loc":{"start":{"line":450,"column":16},"end":{"line":450,"column":32}}},"40":{"name":"(anonymous_40)","line":451,"loc":{"start":{"line":451,"column":41},"end":{"line":451,"column":56}}},"41":{"name":"(anonymous_41)","line":453,"loc":{"start":{"line":453,"column":20},"end":{"line":453,"column":35}}},"42":{"name":"(anonymous_42)","line":456,"loc":{"start":{"line":456,"column":24},"end":{"line":456,"column":41}}},"43":{"name":"(anonymous_43)","line":457,"loc":{"start":{"line":457,"column":38},"end":{"line":457,"column":54}}},"44":{"name":"(anonymous_44)","line":466,"loc":{"start":{"line":466,"column":17},"end":{"line":466,"column":28}}},"45":{"name":"(anonymous_45)","line":472,"loc":{"start":{"line":472,"column":16},"end":{"line":472,"column":32}}},"46":{"name":"(anonymous_46)","line":473,"loc":{"start":{"line":473,"column":32},"end":{"line":473,"column":54}}},"47":{"name":"(anonymous_47)","line":480,"loc":{"start":{"line":480,"column":14},"end":{"line":480,"column":30}}},"48":{"name":"(anonymous_48)","line":482,"loc":{"start":{"line":482,"column":24},"end":{"line":482,"column":39}}},"49":{"name":"(anonymous_49)","line":489,"loc":{"start":{"line":489,"column":12},"end":{"line":489,"column":23}}},"50":{"name":"(anonymous_50)","line":502,"loc":{"start":{"line":502,"column":40},"end":{"line":502,"column":63}}},"51":{"name":"(anonymous_51)","line":518,"loc":{"start":{"line":518,"column":13},"end":{"line":518,"column":24}}},"52":{"name":"(anonymous_52)","line":523,"loc":{"start":{"line":523,"column":13},"end":{"line":523,"column":24}}},"53":{"name":"(anonymous_53)","line":525,"loc":{"start":{"line":525,"column":10},"end":{"line":525,"column":27}}},"54":{"name":"(anonymous_54)","line":559,"loc":{"start":{"line":559,"column":14},"end":{"line":559,"column":38}}},"55":{"name":"(anonymous_55)","line":562,"loc":{"start":{"line":562,"column":14},"end":{"line":562,"column":36}}},"56":{"name":"(anonymous_56)","line":565,"loc":{"start":{"line":565,"column":14},"end":{"line":565,"column":37}}},"57":{"name":"(anonymous_57)","line":568,"loc":{"start":{"line":568,"column":14},"end":{"line":568,"column":35}}},"58":{"name":"(anonymous_58)","line":569,"loc":{"start":{"line":569,"column":14},"end":{"line":569,"column":25}}},"59":{"name":"(anonymous_59)","line":570,"loc":{"start":{"line":570,"column":41},"end":{"line":570,"column":55}}},"60":{"name":"(anonymous_60)","line":578,"loc":{"start":{"line":578,"column":14},"end":{"line":578,"column":34}}},"61":{"name":"(anonymous_61)","line":579,"loc":{"start":{"line":579,"column":14},"end":{"line":579,"column":25}}},"62":{"name":"(anonymous_62)","line":580,"loc":{"start":{"line":580,"column":40},"end":{"line":580,"column":54}}},"63":{"name":"(anonymous_63)","line":590,"loc":{"start":{"line":590,"column":12},"end":{"line":590,"column":23}}},"64":{"name":"(anonymous_64)","line":597,"loc":{"start":{"line":597,"column":40},"end":{"line":597,"column":63}}},"65":{"name":"setKey","line":604,"loc":{"start":{"line":604,"column":4},"end":{"line":604,"column":42}}},"66":{"name":"(anonymous_66)","line":605,"loc":{"start":{"line":605,"column":13},"end":{"line":605,"column":29}}},"67":{"name":"setKeyError","line":610,"loc":{"start":{"line":610,"column":4},"end":{"line":610,"column":47}}},"68":{"name":"(anonymous_68)","line":611,"loc":{"start":{"line":611,"column":13},"end":{"line":611,"column":27}}},"69":{"name":"(anonymous_69)","line":619,"loc":{"start":{"line":619,"column":54},"end":{"line":619,"column":69}}},"70":{"name":"(anonymous_70)","line":621,"loc":{"start":{"line":621,"column":12},"end":{"line":621,"column":27}}},"71":{"name":"(anonymous_71)","line":623,"loc":{"start":{"line":623,"column":12},"end":{"line":623,"column":23}}},"72":{"name":"(anonymous_72)","line":638,"loc":{"start":{"line":638,"column":10},"end":{"line":638,"column":21}}},"73":{"name":"(anonymous_73)","line":641,"loc":{"start":{"line":641,"column":12},"end":{"line":641,"column":31}}},"74":{"name":"(anonymous_74)","line":651,"loc":{"start":{"line":651,"column":10},"end":{"line":651,"column":21}}},"75":{"name":"(anonymous_75)","line":654,"loc":{"start":{"line":654,"column":35},"end":{"line":654,"column":46}}},"76":{"name":"(anonymous_76)","line":655,"loc":{"start":{"line":655,"column":35},"end":{"line":655,"column":57}}},"77":{"name":"getModuleCacheItem","line":682,"loc":{"start":{"line":682,"column":2},"end":{"line":682,"column":51}}},"78":{"name":"(anonymous_78)","line":711,"loc":{"start":{"line":711,"column":16},"end":{"line":711,"column":37}}},"79":{"name":"(anonymous_79)","line":728,"loc":{"start":{"line":728,"column":34},"end":{"line":728,"column":60}}},"80":{"name":"(anonymous_80)","line":729,"loc":{"start":{"line":729,"column":27},"end":{"line":729,"column":42}}},"81":{"name":"(anonymous_81)","line":737,"loc":{"start":{"line":737,"column":34},"end":{"line":737,"column":53}}},"82":{"name":"(anonymous_82)","line":740,"loc":{"start":{"line":740,"column":31},"end":{"line":740,"column":47}}},"83":{"name":"(anonymous_83)","line":747,"loc":{"start":{"line":747,"column":39},"end":{"line":747,"column":65}}},"84":{"name":"(anonymous_84)","line":767,"loc":{"start":{"line":767,"column":24},"end":{"line":767,"column":46}}},"85":{"name":"(anonymous_85)","line":771,"loc":{"start":{"line":771,"column":24},"end":{"line":771,"column":45}}},"86":{"name":"(anonymous_86)","line":795,"loc":{"start":{"line":795,"column":34},"end":{"line":795,"column":60}}},"87":{"name":"(anonymous_87)","line":796,"loc":{"start":{"line":796,"column":34},"end":{"line":796,"column":47}}},"88":{"name":"(anonymous_88)","line":810,"loc":{"start":{"line":810,"column":28},"end":{"line":810,"column":53}}},"89":{"name":"(anonymous_89)","line":842,"loc":{"start":{"line":842,"column":16},"end":{"line":842,"column":27}}},"90":{"name":"(anonymous_90)","line":849,"loc":{"start":{"line":849,"column":17},"end":{"line":849,"column":29}}},"91":{"name":"(anonymous_91)","line":869,"loc":{"start":{"line":869,"column":33},"end":{"line":869,"column":63}}},"92":{"name":"(anonymous_92)","line":901,"loc":{"start":{"line":901,"column":37},"end":{"line":901,"column":50}}},"93":{"name":"(anonymous_93)","line":902,"loc":{"start":{"line":902,"column":54},"end":{"line":902,"column":78}}},"94":{"name":"(anonymous_94)","line":920,"loc":{"start":{"line":920,"column":33},"end":{"line":920,"column":50}}},"95":{"name":"(anonymous_95)","line":929,"loc":{"start":{"line":929,"column":44},"end":{"line":929,"column":61}}},"96":{"name":"(anonymous_96)","line":942,"loc":{"start":{"line":942,"column":54},"end":{"line":942,"column":78}}},"97":{"name":"(anonymous_97)","line":947,"loc":{"start":{"line":947,"column":33},"end":{"line":947,"column":50}}},"98":{"name":"(anonymous_98)","line":960,"loc":{"start":{"line":960,"column":47},"end":{"line":960,"column":58}}},"99":{"name":"(anonymous_99)","line":968,"loc":{"start":{"line":968,"column":48},"end":{"line":968,"column":74}}},"100":{"name":"(anonymous_100)","line":975,"loc":{"start":{"line":975,"column":50},"end":{"line":975,"column":63}}},"101":{"name":"(anonymous_101)","line":976,"loc":{"start":{"line":976,"column":13},"end":{"line":976,"column":35}}},"102":{"name":"(anonymous_102)","line":982,"loc":{"start":{"line":982,"column":19},"end":{"line":982,"column":30}}},"103":{"name":"(anonymous_103)","line":984,"loc":{"start":{"line":984,"column":40},"end":{"line":984,"column":63}}},"104":{"name":"(anonymous_104)","line":999,"loc":{"start":{"line":999,"column":24},"end":{"line":999,"column":35}}},"105":{"name":"(anonymous_105)","line":1022,"loc":{"start":{"line":1022,"column":50},"end":{"line":1022,"column":63}}},"106":{"name":"(anonymous_106)","line":1023,"loc":{"start":{"line":1023,"column":13},"end":{"line":1023,"column":35}}},"107":{"name":"(anonymous_107)","line":1024,"loc":{"start":{"line":1024,"column":31},"end":{"line":1024,"column":53}}},"108":{"name":"(anonymous_108)","line":1033,"loc":{"start":{"line":1033,"column":18},"end":{"line":1033,"column":38}}},"109":{"name":"(anonymous_109)","line":1037,"loc":{"start":{"line":1037,"column":19},"end":{"line":1037,"column":30}}},"110":{"name":"(anonymous_110)","line":1050,"loc":{"start":{"line":1050,"column":48},"end":{"line":1050,"column":65}}},"111":{"name":"preload","line":1058,"loc":{"start":{"line":1058,"column":2},"end":{"line":1058,"column":40}}},"112":{"name":"(anonymous_112)","line":1060,"loc":{"start":{"line":1060,"column":9},"end":{"line":1060,"column":23}}},"113":{"name":"(anonymous_113)","line":1077,"loc":{"start":{"line":1077,"column":20},"end":{"line":1077,"column":41}}},"114":{"name":"(anonymous_114)","line":1083,"loc":{"start":{"line":1083,"column":47},"end":{"line":1083,"column":58}}},"115":{"name":"(anonymous_115)","line":1095,"loc":{"start":{"line":1095,"column":47},"end":{"line":1095,"column":58}}},"116":{"name":"(anonymous_116)","line":1101,"loc":{"start":{"line":1101,"column":13},"end":{"line":1101,"column":30}}},"117":{"name":"(anonymous_117)","line":1105,"loc":{"start":{"line":1105,"column":28},"end":{"line":1105,"column":42}}},"118":{"name":"(anonymous_118)","line":1108,"loc":{"start":{"line":1108,"column":30},"end":{"line":1108,"column":44}}},"119":{"name":"(anonymous_119)","line":1116,"loc":{"start":{"line":1116,"column":33},"end":{"line":1116,"column":63}}},"120":{"name":"(anonymous_120)","line":1118,"loc":{"start":{"line":1118,"column":56},"end":{"line":1118,"column":75}}},"121":{"name":"(anonymous_121)","line":1133,"loc":{"start":{"line":1133,"column":26},"end":{"line":1133,"column":52}}},"122":{"name":"(anonymous_122)","line":1144,"loc":{"start":{"line":1144,"column":45},"end":{"line":1144,"column":59}}},"123":{"name":"(anonymous_123)","line":1148,"loc":{"start":{"line":1148,"column":35},"end":{"line":1148,"column":52}}},"124":{"name":"(anonymous_124)","line":1160,"loc":{"start":{"line":1160,"column":38},"end":{"line":1160,"column":60}}},"125":{"name":"(anonymous_125)","line":1164,"loc":{"start":{"line":1164,"column":35},"end":{"line":1164,"column":61}}},"126":{"name":"buildMd5Ops","line":1187,"loc":{"start":{"line":1187,"column":6},"end":{"line":1187,"column":41}}},"127":{"name":"(anonymous_127)","line":1188,"loc":{"start":{"line":1188,"column":29},"end":{"line":1188,"column":44}}},"128":{"name":"(anonymous_128)","line":1190,"loc":{"start":{"line":1190,"column":16},"end":{"line":1190,"column":32}}},"129":{"name":"(anonymous_129)","line":1209,"loc":{"start":{"line":1209,"column":92},"end":{"line":1209,"column":107}}},"130":{"name":"(anonymous_130)","line":1224,"loc":{"start":{"line":1224,"column":41},"end":{"line":1224,"column":56}}},"131":{"name":"getValue","line":1227,"loc":{"start":{"line":1227,"column":8},"end":{"line":1227,"column":42}}},"132":{"name":"(anonymous_132)","line":1245,"loc":{"start":{"line":1245,"column":98},"end":{"line":1245,"column":113}}},"133":{"name":"(anonymous_133)","line":1261,"loc":{"start":{"line":1261,"column":38},"end":{"line":1261,"column":52}}},"134":{"name":"(anonymous_134)","line":1263,"loc":{"start":{"line":1263,"column":12},"end":{"line":1263,"column":23}}},"135":{"name":"(anonymous_135)","line":1266,"loc":{"start":{"line":1266,"column":44},"end":{"line":1266,"column":59}}},"136":{"name":"(anonymous_136)","line":1270,"loc":{"start":{"line":1270,"column":14},"end":{"line":1270,"column":33}}},"137":{"name":"walkCompilations","line":1291,"loc":{"start":{"line":1291,"column":4},"end":{"line":1291,"column":47}}},"138":{"name":"(anonymous_138)","line":1293,"loc":{"start":{"line":1293,"column":35},"end":{"line":1293,"column":57}}},"139":{"name":"serializeError","line":1298,"loc":{"start":{"line":1298,"column":4},"end":{"line":1298,"column":43}}},"140":{"name":"(anonymous_140)","line":1311,"loc":{"start":{"line":1311,"column":32},"end":{"line":1311,"column":49}}},"141":{"name":"(anonymous_141)","line":1335,"loc":{"start":{"line":1335,"column":58},"end":{"line":1335,"column":72}}},"142":{"name":"(anonymous_142)","line":1433,"loc":{"start":{"line":1433,"column":58},"end":{"line":1433,"column":72}}},"143":{"name":"(anonymous_143)","line":1472,"loc":{"start":{"line":1472,"column":64},"end":{"line":1472,"column":78}}},"144":{"name":"(anonymous_144)","line":1475,"loc":{"start":{"line":1475,"column":10},"end":{"line":1475,"column":21}}},"145":{"name":"(anonymous_145)","line":1488,"loc":{"start":{"line":1488,"column":10},"end":{"line":1488,"column":21}}},"146":{"name":"(anonymous_146)","line":1496,"loc":{"start":{"line":1496,"column":26},"end":{"line":1496,"column":37}}}},"statementMap":{"1":{"start":{"line":1,"column":0},"end":{"line":1,"column":31}},"2":{"start":{"line":2,"column":0},"end":{"line":2,"column":23}},"3":{"start":{"line":3,"column":0},"end":{"line":3,"column":27}},"4":{"start":{"line":5,"column":0},"end":{"line":5,"column":29}},"5":{"start":{"line":6,"column":0},"end":{"line":6,"column":31}},"6":{"start":{"line":7,"column":0},"end":{"line":7,"column":31}},"7":{"start":{"line":9,"column":0},"end":{"line":9,"column":34}},"8":{"start":{"line":11,"column":0},"end":{"line":11,"column":40}},"9":{"start":{"line":22,"column":0},"end":{"line":22,"column":82}},"10":{"start":{"line":23,"column":0},"end":{"line":23,"column":98}},"11":{"start":{"line":24,"column":0},"end":{"line":24,"column":75}},"12":{"start":{"line":25,"column":0},"end":{"line":25,"column":108}},"13":{"start":{"line":26,"column":0},"end":{"line":26,"column":74}},"14":{"start":{"line":27,"column":0},"end":{"line":27,"column":78}},"15":{"start":{"line":28,"column":0},"end":{"line":28,"column":92}},"16":{"start":{"line":29,"column":0},"end":{"line":29,"column":106}},"17":{"start":{"line":30,"column":0},"end":{"line":30,"column":86}},"18":{"start":{"line":32,"column":0},"end":{"line":32,"column":57}},"19":{"start":{"line":33,"column":0},"end":{"line":33,"column":55}},"20":{"start":{"line":34,"column":0},"end":{"line":38,"column":1}},"21":{"start":{"line":35,"column":2},"end":{"line":35,"column":90}},"22":{"start":{"line":37,"column":2},"end":{"line":37,"column":91}},"23":{"start":{"line":39,"column":0},"end":{"line":39,"column":53}},"24":{"start":{"line":41,"column":0},"end":{"line":41,"column":35}},"25":{"start":{"line":42,"column":0},"end":{"line":42,"column":45}},"26":{"start":{"line":43,"column":0},"end":{"line":43,"column":28}},"27":{"start":{"line":44,"column":0},"end":{"line":44,"column":37}},"28":{"start":{"line":45,"column":0},"end":{"line":45,"column":28}},"29":{"start":{"line":47,"column":0},"end":{"line":62,"column":1}},"30":{"start":{"line":48,"column":2},"end":{"line":48,"column":122}},"31":{"start":{"line":49,"column":2},"end":{"line":49,"column":88}},"32":{"start":{"line":50,"column":2},"end":{"line":50,"column":106}},"33":{"start":{"line":51,"column":2},"end":{"line":51,"column":88}},"34":{"start":{"line":53,"column":2},"end":{"line":58,"column":3}},"35":{"start":{"line":54,"column":4},"end":{"line":54,"column":104}},"36":{"start":{"line":57,"column":4},"end":{"line":57,"column":105}},"37":{"start":{"line":61,"column":2},"end":{"line":61,"column":49}},"38":{"start":{"line":64,"column":0},"end":{"line":64,"column":78}},"39":{"start":{"line":65,"column":0},"end":{"line":65,"column":80}},"40":{"start":{"line":66,"column":0},"end":{"line":66,"column":74}},"41":{"start":{"line":67,"column":0},"end":{"line":67,"column":92}},"42":{"start":{"line":68,"column":0},"end":{"line":69,"column":58}},"43":{"start":{"line":70,"column":0},"end":{"line":71,"column":67}},"44":{"start":{"line":72,"column":0},"end":{"line":72,"column":126}},"45":{"start":{"line":73,"column":0},"end":{"line":73,"column":106}},"46":{"start":{"line":75,"column":0},"end":{"line":75,"column":71}},"47":{"start":{"line":76,"column":0},"end":{"line":76,"column":77}},"48":{"start":{"line":78,"column":0},"end":{"line":78,"column":61}},"49":{"start":{"line":79,"column":0},"end":{"line":79,"column":76}},"50":{"start":{"line":80,"column":0},"end":{"line":80,"column":46}},"51":{"start":{"line":82,"column":0},"end":{"line":82,"column":58}},"52":{"start":{"line":83,"column":0},"end":{"line":83,"column":52}},"53":{"start":{"line":84,"column":0},"end":{"line":84,"column":72}},"54":{"start":{"line":86,"column":0},"end":{"line":86,"column":58}},"55":{"start":{"line":88,"column":0},"end":{"line":90,"column":1}},"56":{"start":{"line":89,"column":2},"end":{"line":89,"column":71}},"57":{"start":{"line":92,"column":0},"end":{"line":92,"column":63}},"58":{"start":{"line":93,"column":0}
[...]
}},"28":{"start":{"line":44,"column":0},"end":{"line":44,"column":56}},"29":{"start":{"line":44,"column":42},"end":{"line":44,"column":54}},"30":{"start":{"line":46,"column":0},"end":{"line":79,"column":1}},"31":{"start":{"line":47,"column":2},"end":{"line":47,"column":20}},"32":{"start":{"line":48,"column":2},"end":{"line":48,"column":48}},"33":{"start":{"line":49,"column":2},"end":{"line":49,"column":50}},"34":{"start":{"line":51,"column":2},"end":{"line":60,"column":3}},"35":{"start":{"line":52,"column":4},"end":{"line":59,"column":7}},"36":{"start":{"line":53,"column":6},"end":{"line":55,"column":7}},"37":{"start":{"line":54,"column":8},"end":{"line":54,"column":83}},"38":{"start":{"line":56,"column":6},"end":{"line":56,"column":36}},"39":{"start":{"line":57,"column":6},"end":{"line":57,"column":35}},"40":{"start":{"line":57,"column":14},"end":{"line":57,"column":35}},"41":{"start":{"line":58,"column":6},"end":{"line":58,"column":40}},"42":{"start":{"line":58,"column":25},"end":{"line":58,"column":40}},"43":{"start":{"line":61,"column":2},"end":{"line":70,"column":3}},"44":{"start":{"line":62,"column":4},"end":{"line":69,"column":7}},"45":{"start":{"line":63,"column":6},"end":{"line":65,"column":7}},"46":{"start":{"line":64,"column":8},"end":{"line":64,"column":92}},"47":{"start":{"line":66,"column":6},"end":{"line":66,"column":42}},"48":{"start":{"line":67,"column":6},"end":{"line":67,"column":35}},"49":{"start":{"line":67,"column":14},"end":{"line":67,"column":35}},"50":{"start":{"line":68,"column":6},"end":{"line":68,"column":40}},"51":{"start":{"line":68,"column":25},"end":{"line":68,"column":40}},"52":{"start":{"line":71,"column":2},"end":{"line":73,"column":3}},"53":{"start":{"line":72,"column":4},"end":{"line":72,"column":29}},"54":{"start":{"line":74,"column":2},"end":{"line":78,"column":4}},"55":{"start":{"line":81,"column":0},"end":{"line":81,"column":37}},"56":{"start":{"line":82,"column":0},"end":{"line":84,"column":2}},"57":{"start":{"line":83,"column":2},"end":{"line":83,"column":147}},"58":{"start":{"line":86,"column":0},"end":{"line":88,"column":2}},"59":{"start":{"line":87,"column":2},"end":{"line":87,"column":30}},"60":{"start":{"line":90,"column":0},"end":{"line":92,"column":2}},"61":{"start":{"line":91,"column":2},"end":{"line":91,"column":42}},"62":{"start":{"line":99,"column":0},"end":{"line":108,"column":1}},"63":{"start":{"line":100,"column":2},"end":{"line":107,"column":15}},"64":{"start":{"line":101,"column":4},"end":{"line":101,"column":47}},"65":{"start":{"line":102,"column":4},"end":{"line":103,"column":34}},"66":{"start":{"line":103,"column":6},"end":{"line":103,"column":34}},"67":{"start":{"line":104,"column":4},"end":{"line":105,"column":21}},"68":{"start":{"line":105,"column":6},"end":{"line":105,"column":21}},"69":{"start":{"line":106,"column":4},"end":{"line":106,"column":14}},"70":{"start":{"line":110,"column":0},"end":{"line":112,"column":2}},"71":{"start":{"line":111,"column":2},"end":{"line":111,"column":47}},"72":{"start":{"line":118,"column":0},"end":{"line":129,"column":1}},"73":{"start":{"line":119,"column":2},"end":{"line":128,"column":4}},"74":{"start":{"line":120,"column":4},"end":{"line":120,"column":55}},"75":{"start":{"line":121,"column":4},"end":{"line":123,"column":5}},"76":{"start":{"line":122,"column":6},"end":{"line":122,"column":98}},"77":{"start":{"line":124,"column":4},"end":{"line":126,"column":5}},"78":{"start":{"line":125,"column":6},"end":{"line":125,"column":105}},"79":{"start":{"line":127,"column":4},"end":{"line":127,"column":15}},"80":{"start":{"line":131,"column":0},"end":{"line":157,"column":2}},"81":{"start":{"line":133,"column":2},"end":{"line":135,"column":3}},"82":{"start":{"line":134,"column":4},"end":{"line":134,"column":59}},"83":{"start":{"line":137,"column":2},"end":{"line":137,"column":56}},"84":{"start":{"line":139,"column":2},"end":{"line":139,"column":37}},"85":{"start":{"line":140,"column":2},"end":{"line":140,"column":106}},"86":{"start":{"line":141,"column":2},"end":{"line":141,"column":97}},"87":{"start":{"line":142,"column":2},"end":{"line":142,"column":92}},"88":{"start":{"line":143,"column":2},"end":{"line":143,"column":86}},"89":{"start":{"line":144,"column":2},"end":{"line":144,"column":74}},"90":{"start":{"line":146,"column":2},"end":{"line":146,"column":33}},"91":{"start":{"line":147,"column":2},"end":{"line":154,"column":9}},"92":{"start":{"line":148,"column":4},"end":{"line":148,"column":39}},"93":{"start":{"line":149,"column":4},"end":{"line":151,"column":5}},"94":{"start":{"line":150,"column":6},"end":{"line":150,"column":34}},"95":{"start":{"line":152,"column":4},"end":{"line":152,"column":39}},"96":{"start":{"line":153,"column":4},"end":{"line":153,"column":17}},"97":{"start":{"line":156,"column":2},"end":{"line":156,"column":13}}},"branchMap":{"1":{"line":49,"type":"binary-expr","locations":[{"start":{"line":49,"column":26},"end":{"line":49,"column":34}},{"start":{"line":49,"column":38},"end":{"line":49,"column":48}}]},"2":{"line":51,"type":"if","locations":[{"start":{"line":51,"column":2},"end":{"line":51,"column":2}},{"start":{"line":51,"column":2},"end":{"line":51,"column":2}}]},"3":{"line":53,"type":"if","locations":[{"start":{"line":53,"column":6},"end":{"line":53,"column":6}},{"start":{"line":53,"column":6},"end":{"line":53,"column":6}}]},"4":{"line":54,"type":"binary-expr","locations":[{"start":{"line":54,"column":26},"end":{"line":54,"column":61}},{"start":{"line":54,"column":65},"end":{"line":54,"column":82}}]},"5":{"line":57,"type":"if","locations":[{"start":{"line":57,"column":6},"end":{"line":57,"column":6}},{"start":{"line":57,"column":6},"end":{"line":57,"column":6}}]},"6":{"line":58,"type":"if","locations":[{"start":{"line":58,"column":6},"end":{"line":58,"column":6}},{"start":{"line":58,"column":6},"end":{"line":58,"column":6}}]},"7":{"line":61,"type":"if","locations":[{"start":{"line":61,"column":2},"end":{"line":61,"column":2}},{"start":{"line":61,"column":2},"end":{"line":61,"column":2}}]},"8":{"line":63,"type":"if","locations":[{"start":{"line":63,"column":6},"end":{"line":63,"column":6}},{"start":{"line":63,"column":6},"end":{"line":63,"column":6}}]},"9":{"line":64,"type":"binary-expr","locations":[{"start":{"line":64,"column":26},"end":{"line":64,"column":67}},{"start":{"line":64,"column":71},"end":{"line":64,"column":91}}]},"10":{"line":67,"type":"if","locations":[{"start":{"line":67,"column":6},"end":{"line":67,"column":6}},{"start":{"line":67,"column":6},"end":{"line":67,"column":6}}]},"11":{"line":68,"type":"if","locations":[{"start":{"line":68,"column":6},"end":{"line":68,"column":6}},{"start":{"line":68,"column":6},"end":{"line":68,"column":6}}]},"12":{"line":71,"type":"if","locations":[{"start":{"line":71,"column":2},"end":{"line":71,"column":2}},{"start":{"line":71,"column":2},"end":{"line":71,"column":2}}]},"13":{"line":71,"type":"binary-expr","locations":[{"start":{"line":71,"column":6},"end":{"line":71,"column":21}},{"start":{"line":71,"column":25},"end":{"line":71,"column":33}},{"start":{"line":71,"column":37},"end":{"line":71,"column":47}}]},"14":{"line":75,"type":"binary-expr","locations":[{"start":{"line":75,"column":4},"end":{"line":75,"column":21}},{"start":{"line":76,"column":4},"end":{"line":76,"column":31}},{"start":{"line":76,"column":35},"end":{"line":76,"column":50}},{"start":{"line":77,"column":4},"end":{"line":77,"column":19}},{"start":{"line":77,"column":23},"end":{"line":77,"column":31}},{"start":{"line":77,"column":35},"end":{"line":77,"column":45}}]},"15":{"line":83,"type":"binary-expr","locations":[{"start":{"line":83,"column":9},"end":{"line":83,"column":31}},{"start":{"line":83,"column":35},"end":{"line":83,"column":146}}]},"16":{"line":102,"type":"if","locations":[{"start":{"line":102,"column":4},"end":{"line":102,"column":4}},{"start":{"line":102,"column":4},"end":{"line":102,"column":4}}]},"17":{"line":104,"type":"if","locations":[{"start":{"line":104,"column":4},"end":{"line":104,"column":4}},{"start":{"line":104,"column":4},"end":{"line":104,"column":4}}]},"18":{"line":121,"type":"if","locations":[{"start":{"line":121,"column":4},"end":{"line":121,"column":4}},{"start":{"line":121,"column":4},"end":{"line":121,"column":4}}]},"19":{"line":124,"type":"if","locations":[{"start":{"line":124,"column":4},"end":{"line":124,"column":4}},{"start":{"line":124,"column":4},"end":{"line":124,"column":4}}]},"20":{"line":133,"type":"if","locations":[{"start":{"line":133,"column":2},"end":{"line":133,"column":2}},{"start":{"line":133,"column":2},"end":{"line":133,"column":2}}]},"21":{"line":149,"type":"if","locations":[{"start":{"line":149,"column":4},"end":{"line":149,"column":4}},{"start":{"line":149,"column":4},"end":{"line":149,"column":4}}]}},"code":["var path = require('path');","","var AsyncDependenciesBlock = require('webpack/lib/AsyncDependenciesBlock');","var DependenciesBlockVariable = require('webpack/lib/DependenciesBlockVariable');","var RawModule = require('webpack/lib/RawModule');","","var ModuleError = require('webpack-core/lib/ModuleError');","var ModuleWarning = require('webpack-core/lib/ModuleWarning');","","var RawSource = require('webpack-sources').RawSource;","","var deserializeDependencies = require('./deserialize-dependencies');","var HardSource = require('./hard-source');","","module.exports = HardModule;","","function HardModule(cacheItem) {","  Object.setPrototypeOf(this,","    Object.setPrototypeOf(","      new RawModule(cacheItem.source, cacheItem.identifier, cacheItem.userRequest),","      HardModule.prototype","    )","  );","","  this.cacheItem = cacheItem;","","  this.request = cacheItem.request;","  this.userRequest = cacheItem.userRequest;","  this.rawRequest = cacheItem.rawRequest;","  this.resource = cacheItem.resource;","  this.context = cacheItem.context;","  this.loaders = cacheItem.loaders;","","  this.strict = cacheItem.strict;","  this.exportsArgument = cacheItem.exportsArgument;","  this.meta = cacheItem.meta;","  this.buildTimestamp = cacheItem.buildTimestamp;","  this.fileDependencies = cacheItem.fileDependencies;","  this.contextDependencies = cacheItem.contextDependencies;","}","Object.setPrototypeOf(HardModule.prototype, RawModule.prototype);","Object.setPrototypeOf(HardModule, RawModule);","","HardModule.prototype.isHard = function() {return true;};","","function needRebuild(cacheItem, fileDependencies, contextDependencies, fileTimestamps, contextTimestamps, fileMd5s, cachedMd5s) {","  var timestamp = 0;","  var buildTimestamp = cacheItem.buildTimestamp;","  var needsMd5Rebuild = !(fileMd5s && cachedMd5s);","","  if (fileDependencies) {","    fileDependencies.forEach(function(file) {","      if (!needsMd5Rebuild) {","        needsMd5Rebuild = cachedMd5s[file] !== fileMd5s[file] || !cachedMd5s[file];","      }","      var ts = fileTimestamps[file];","      if(!ts) timestamp = Infinity;","      if(ts > timestamp) timestamp = ts;","    });","  }","  if (contextDependencies) {","    contextDependencies.forEach(function(context) {","      if (!needsMd5Rebuild) {","        needsMd5Rebuild = cachedMd5s[context] !== fileMd5s[context] || !cachedMd5s[context];","      }","      var ts = contextTimestamps[context];","      if(!ts) timestamp = Infinity;","      if(ts > timestamp) timestamp = ts;","    });","  }","  if (needsMd5Rebuild && fileMd5s && cachedMd5s) {","    cacheItem.invalid = true;","  }","  return (","    cacheItem.invalid ||","    timestamp >= buildTimestamp && needsMd5Rebuild ||","    needsMd5Rebuild && fileMd5s && cachedMd5s","  );","}","","HardModule.needRebuild = needRebuild;","HardModule.prototype.needRebuild = function(fileTimestamps, contextTimestamps) {","  return this.cacheItem.invalid || needRebuild(this.cacheItem, this.fileDependencies, this.contextDependencies, fileTimestamps, contextTimestamps);","};","","HardModule.prototype.source = function() {","  return this._renderedSource;","};","","HardModule.prototype.updateHash = function(hash) {","  hash.update(this.cacheItem.hashContent);","};","","// HardModule.prototype.libIdent = function(options) {","//   return this.cacheItem.libIdent;","// };","","// From webpack/lib/NormalModule.js","function contextify(options, request) {","  return request.split(\"!\").map(function(r) {","    var rp = path.relative(options.context, r);","    if(path.sep === \"\\\\\")","      rp = rp.replace(/\\\\/g, \"/\");","    if(rp.indexOf(\"../\") !== 0)","      rp = \"./\" + rp;","    return rp;","  }).join(\"!\");","}","","HardModule.prototype.libIdent = function(options) {","  return contextify(options, this.userRequest);","};","","// HardModule.prototype.isUsed = function(exportName) {","//   return exportName ? exportName : false;","// };","","function deserializeError(ErrorClass, state) {","  return function(serialized) {","    var err = new ErrorClass(this, serialized.message);","    if (serialized.origin) {","      err.origin = deserializeDependencies.dependencies.call(state, [serialized.origin], this)[0];","    }","    if (serialized.dependencies) {","      err.dependencies = deserializeDependencies.dependencies.call(state, serialized.dependencies, this);","    }","    return err;","  };","}","","HardModule.prototype.build = function build(options, compilation, resolver, fs, callback) {","  // Non-rendered source used by Stats.","  if (this.cacheItem.rawSource) {","    this._source = new RawSource(this.cacheItem.rawSource);","  }","  // Rendered source used in built output.","  this._renderedSource = new HardSource(this.cacheItem);","","  var state = {state: {imports: {}}};","  this.dependencies = deserializeDependencies.dependencies.call(state, this.cacheItem.dependencies, this);","  this.variables = deserializeDependencies.variables.call(state, this.cacheItem.variables, this);","  this.warnings = this.cacheItem.warnings.map(deserializeError(ModuleWarning, state), this);","  this.errors = this.cacheItem.errors.map(deserializeError(ModuleError, state), this);","  deserializeDependencies.blocks.call(state, this.cacheItem.blocks, this);","","  var cacheItem = this.cacheItem;","  this.assets = Object.keys(cacheItem.assets).reduce(function(carry, key) {","    var source = cacheItem.assets[key];","    if (source.type === 'Buffer') {","      source = new Buffer(source);","    }","    carry[key] = new RawSource(source);","    return carry;","  }, {});","","  callback();","};",""],"l":{"1":1,"3":1,"4":1,"5":1,"7":1,"8":1,"10":1,"12":1,"13":1,"15":1,"17":1,"18":0,"25":0,"27":0,"28":0,"29":0,"30":0,"31":0,"32":0,"34":0,"35":0,"36":0,"37":0,"38":0,"39":0,"41":1,"42":1,"44":1,"46":1,"47":0,"48":0,"49":0,"51":0,"52":0,"53":0,"54":0,"56":0,"57":0,"58":0,"61":0,"62":0,"63":0,"64":0,"66":0,"67":0,"68":0,"71":0,"72":0,"74":0,"81":1,"82":1,"83":0,"86":1,"87":0,"90":1,"91":0,"99":1,"100":0,"101":0,"102":0,"103":0,"104":0,"105":0,"106":0,"110":1,"111":0,"118":1,"119":0,"120":0,"121":0,"122":0,"124":0,"125":0,"127":0,"131":1,"133":0,"134":0,"137":0,"139":0,"140":0,"141":0,"142":0,"143":0,"144":0,"146":0,"147":0,"148":0,"149":0,"150":0,"152":0,"153":0,"156":0}},"/home/travis/build/npmtest/node-npmtest-hard-source-webpack-plugin/node_modules/hard-source-webpack-plugin/lib/devtool-options.js":{"path":"/home/travis/build/npmtest/node-npmtest-hard-source-webpack-plugin/node_modules/hard-source-webpack-plugin/lib/devtool-options.js","s":{"1":1,"2":0,"3":0,"4":0,"5":0,"6":0,"7":0,"8":0,"9":0,"10":0,"11":0,"12":0,"13":0},"b":{"1":[0,0],"2":[0,0,0],"3":[0,0],"4":[0,0],"5":[0,0],"6":[0,0],"7":[0,0],"8":[0,0],"9":[0,0],"10":[0,0],"11":[0,0]},"f":{"1":0},"fnMap":{"1":{"name":"(anonymous_1)","line":1,"loc":{"start":{"line":1,"column":17},"end":{"line":1,"column":35}}}},"statementMap":{"1":{"start":{"line":1,"column":0},"end":{"line":27,"column":2}},"2":{"start":{"line":2,"column":2},"end":{"line":2,"column":32}},"3":{"start":{"line":3,"column":2},"end":{"line":26,"column":3}},"4":{"start":{"line":4,"column":4},"end":{"line":4,"column":48}},"5":{"start":{"line":5,"column":4},"end":{"line":5,"column":48}},"6":{"start":{"line":6,"column":4},"end":{"line":6,"column":51}},"7":{"start":{"line":7,"column":4},"end":{"line":7,"column":46}},"8":{"start":{"line":8,"column":4},"end":{"line":8,"column":52}},"9":{"start":{"line":9,"column":4},"end":{"line":9,"column":54}},"10":{"start":{"line":10,"column":4},"end":{"line":10,"column":43}},"11":{"start":{"line":11,"column":4},"end":{"line":11,"column":43}},"12":{"start":{"line":12,"column":4},"end":{"line":15,"column":11}},"13":{"start":{"line":16,"column":4},"end":{"line":25,"column":6}}},"branchMap":{"1":{"line":3,"type":"if","locations":[{"start":{"line":3,"column":2},"end":{"line":3,"column":2}},{"start":{"line":3,"column":2},"end":{"line":3,"column":2}}]},"2":{"line":3,"type":"binary-expr","locations":[{"start":{"line":3,"column":5},"end":{"line":3,"column":12}},{"start":{"line":3,"column":17},"end":{"line":3,"column":50}},{"start":{"line":3,"column":54},"end":{"line":3,"column":88}}]},"3":{"line":12,"type":"cond-expr","locations":[{"start":{"line":12,"column":37},"end":{"line":12,"column":103}},{"start":{"line":13,"column":6},"end":{"line":15,"column":10}}]},"4":{"line":12,"type":"binary-expr","locations":[{"start":{"line":12,"column":18},"end":{"line":12,"column":24}},{"start":{"line":12,"column":28},"end":{"line":12,"column":34}}]},"5":{"line":13,"type":"cond-expr","locations":[{"start":{"line":13,"column":15},"end":{"line":13,"column":53}},{"start":{"line":14,"column":6},"end":{"line":15,"column":10}}]},"6":{"line":14,"type":"cond-expr","locations":[{"start":{"line":14,"column":15},"end":{"line":14,"column":45}},{"start":{"line":15,"column":6},"end":{"line":15,"column":10}}]},"7":{"line":17,"type":"cond-expr","locations":[{"start":{"line":17,"column":25},"end":{"line":17,"column":29}},{"start":{"line":17,"column":32},"end":{"line":17,"column":64}}]},"8":{"line":20,"type":"cond-expr","locations":[{"start":{"line":20,"column":23},"end":{"line":20,"column":28}},{"start":{"line":20,"column":31},"end":{"line":20,"column":38}}]},"9":{"line":21,"type":"cond-expr","locations":[{"start":{"line":21,"column":27},"end":{"line":21,"column":31}},{"start":{"line":21,"column":34},"end":{"line":21,"column":54}}]},"10":{"line":21,"type":"cond-expr","locations":[{"start":{"line":21,"column":42},"end":{"line":21,"column":47}},{"start":{"line":21,"column":50},"end":{"line":21,"column":54}}]},"11":{"line":22,"type":"cond-expr","locations":[{"start":{"line":22,"column":23},"end":{"line":22,"column":28}},{"start":{"line":22,"column":31},"end":{"line":22,"column":35}}]}},"code":["module.exports = function(options) {","  var devtool = options.devtool;","  if(devtool && (devtool.indexOf(\"sourcemap\") >= 0 || devtool.indexOf(\"source-map\") >= 0)) {","    var hidden = devtool.indexOf(\"hidden\") >= 0;","    var inline = devtool.indexOf(\"inline\") >= 0;","    var evalWrapped = devtool.indexOf(\"eval\") >= 0;","    var cheap = devtool.indexOf(\"cheap\") >= 0;","    var moduleMaps = devtool.indexOf(\"module\") >= 0;","    var noSources = devtool.indexOf(\"nosources\") >= 0;","    var legacy = devtool.indexOf(\"@\") >= 0;","    var modern = devtool.indexOf(\"#\") >= 0;","    var comment = legacy && modern ? \"\\n/*\\n//@ sourceMappingURL=[url]\\n//# sourceMappingURL=[url]\\n*/\" :","      legacy ? \"\\n/*\\n//@ sourceMappingURL=[url]\\n*/\" :","      modern ? \"\\n//# sourceMappingURL=[url]\" :","      null;","    return {","      filename: inline ? null : options.output.sourceMapFilename,","      moduleFilenameTemplate: options.output.devtoolModuleFilenameTemplate,","      fallbackModuleFilenameTemplate: options.output.devtoolFallbackModuleFilenameTemplate,","      append: hidden ? false : comment,","      module: moduleMaps ? true : cheap ? false : true,","      columns: cheap ? false : true,","      lineToLine: options.output.devtoolLineToLine,","      noSources: noSources,","    };","  }","};",""],"l":{"1":1,"2":0,"3":0,"4":0,"5":0,"6":0,"7":0,"8":0,"9":0,"10":0,"11":0,"12":0,"16":0}}}